checktype,current_epoch,time_usage
epoch,0,0.800286054611206
epoch,1,0.832019567489624
epoch,2,0.863072395324707
epoch,3,0.8921298980712891
epoch,4,0.9211878776550293
epoch,5,0.9491865634918213
epoch,6,0.9772489070892334
epoch,7,1.0063061714172363
epoch,8,1.0353679656982422
epoch,9,1.0634377002716064
epoch,10,1.0925030708312988
epoch,11,1.1225640773773193
epoch,12,1.1516222953796387
epoch,13,1.1812598705291748
epoch,14,1.211327075958252
epoch,15,1.2393269538879395
epoch,16,1.2684412002563477
epoch,17,1.2975032329559326
epoch,18,1.3275701999664307
epoch,19,1.3566322326660156
epoch,20,1.3867104053497314
epoch,21,1.4167733192443848
epoch,22,1.446772575378418
epoch,23,1.4768497943878174
epoch,24,1.5079140663146973
epoch,25,1.5389800071716309
epoch,26,1.569044828414917
epoch,27,1.6001062393188477
epoch,28,1.630683183670044
epoch,29,1.661750316619873
epoch,30,1.692814588546753
epoch,31,1.7238800525665283
epoch,32,1.754934549331665
epoch,33,1.7869336605072021
epoch,34,1.811462163925171
epoch,35,1.8414983749389648
epoch,36,1.871497631072998
epoch,37,1.9115006923675537
epoch,38,1.9414987564086914
epoch,39,1.9675343036651611
epoch,40,2.007596731185913
epoch,41,2.037574291229248
epoch,42,2.0675745010375977
epoch,43,2.0975754261016846
epoch,44,2.1336915493011475
epoch,45,2.1636838912963867
epoch,46,2.2038044929504395
epoch,47,2.233776807785034
epoch,48,2.2638015747070312
epoch,49,2.2998759746551514
epoch,50,2.329878330230713
epoch,51,2.369875192642212
epoch,52,2.3998827934265137
epoch,53,2.4387917518615723
epoch,54,2.467360734939575
epoch,55,2.5074005126953125
epoch,56,2.5373995304107666
epoch,57,2.576805353164673
epoch,58,2.606806755065918
epoch,59,2.6438629627227783
epoch,60,2.6738617420196533
epoch,61,2.7138586044311523
epoch,62,2.753862142562866
epoch,63,2.7798948287963867
epoch,64,2.8199315071105957
epoch,65,2.859902858734131
epoch,66,2.8899030685424805
epoch,67,2.9299347400665283
epoch,68,2.966477870941162
epoch,69,3.0064778327941895
epoch,70,3.0364809036254883
epoch,71,3.0765085220336914
epoch,72,3.112558126449585
epoch,73,3.152556896209717
epoch,74,3.193253993988037
epoch,75,3.233224391937256
epoch,76,3.2732253074645996
epoch,77,3.3129022121429443
epoch,78,3.3525753021240234
epoch,79,3.3925740718841553
epoch,80,3.4226040840148926
epoch,81,3.4625730514526367
epoch,82,3.50858736038208
epoch,83,3.5386152267456055
epoch,84,3.5886147022247314
epoch,85,3.628615617752075
epoch,86,3.6685867309570312
epoch,87,3.70863676071167
epoch,88,3.748602867126465
epoch,89,3.788588285446167
epoch,90,3.8285868167877197
epoch,91,3.868619203567505
epoch,92,3.9151575565338135
epoch,93,3.9551589488983154
epoch,94,3.9951863288879395
epoch,95,4.034421443939209
epoch,96,4.071523189544678
epoch,97,4.111527442932129
epoch,98,4.161495208740234
epoch,99,4.196227550506592
epoch,100,4.236226558685303
epoch,101,4.27622389793396
epoch,102,4.326231002807617
epoch,103,4.36230206489563
epoch,104,4.4051353931427
epoch,105,4.446070909500122
epoch,106,4.486071586608887
epoch,107,4.536043882369995
epoch,108,4.576074838638306
epoch,109,4.622615098953247
epoch,110,4.6626410484313965
epoch,111,4.712613344192505
epoch,112,4.752641201019287
epoch,113,4.800186634063721
epoch,114,4.840187311172485
epoch,115,4.880284070968628
epoch,116,4.930252313613892
epoch,117,4.976277112960815
epoch,118,5.016305208206177
epoch,119,5.066277742385864
epoch,120,5.112319231033325
epoch,121,5.152318954467773
epoch,122,5.196490287780762
epoch,123,5.246488094329834
epoch,124,5.286517143249512
epoch,125,5.335463762283325
epoch,126,5.382472991943359
epoch,127,5.422503232955933
epoch,128,5.472472667694092
epoch,129,5.518551826477051
epoch,130,5.568552732467651
epoch,131,5.608581781387329
epoch,132,5.664146184921265
epoch,133,5.708388805389404
epoch,134,5.757427930831909
epoch,135,5.797428131103516
epoch,136,5.847427606582642
epoch,137,5.897428035736084
epoch,138,5.94742751121521
epoch,139,5.997427463531494
epoch,140,6.039932727813721
epoch,141,6.089933156967163
epoch,142,6.1399335861206055
epoch,143,6.18646764755249
epoch,144,6.236471891403198
epoch,145,6.286472320556641
epoch,146,6.337103605270386
epoch,147,6.3836750984191895
epoch,148,6.431897401809692
epoch,149,6.481897592544556
epoch,150,6.528973340988159
epoch,151,6.579002380371094
epoch,152,6.628974199295044
epoch,153,6.68505334854126
epoch,154,6.735053539276123
epoch,155,6.785053253173828
epoch,156,6.831125259399414
epoch,157,6.891125917434692
epoch,158,6.9411256313323975
epoch,159,6.987698554992676
epoch,160,7.037698030471802
epoch,161,7.087697982788086
epoch,162,7.147697448730469
epoch,163,7.197700500488281
epoch,164,7.249357461929321
epoch,165,7.299390554428101
epoch,166,7.352759599685669
epoch,167,7.402758836746216
epoch,168,7.452760934829712
epoch,169,7.50884485244751
epoch,170,7.558844089508057
epoch,171,7.608844995498657
epoch,172,7.664916753768921
epoch,173,7.724914073944092
epoch,174,7.774913549423218
epoch,175,7.82491397857666
epoch,176,7.884916305541992
epoch,177,7.934916019439697
epoch,178,7.990379333496094
epoch,179,8.050376176834106
epoch,180,8.100375652313232
epoch,181,8.160377740859985
epoch,182,8.21037745475769
epoch,183,8.270375967025757
epoch,184,8.32037615776062
epoch,185,8.380498886108398
epoch,186,8.430499076843262
epoch,187,8.48757791519165
epoch,188,8.547577381134033
epoch,189,8.597577333450317
epoch,190,8.653651237487793
epoch,191,8.713649034500122
epoch,192,8.773648977279663
epoch,193,8.830219268798828
epoch,194,8.889482975006104
epoch,195,8.939513444900513
epoch,196,8.999512672424316
epoch,197,9.059514045715332
epoch,198,9.109513521194458
epoch,199,9.169516563415527
