checktype,current_epoch,time_usage
epoch,0,1.2456681728363037
epoch,1,1.255643367767334
epoch,2,1.2656426429748535
epoch,3,1.2756423950195312
epoch,4,1.2856426239013672
epoch,5,1.296245813369751
epoch,6,1.3062553405761719
epoch,7,1.315263032913208
epoch,8,1.315263032913208
epoch,9,1.325270175933838
epoch,10,1.3425428867340088
epoch,11,1.3515446186065674
epoch,12,1.3605425357818604
epoch,13,1.369626760482788
epoch,14,1.3786251544952393
epoch,15,1.3876252174377441
epoch,16,1.3956241607666016
epoch,17,1.4016456604003906
epoch,18,1.409151315689087
epoch,19,1.4191575050354004
epoch,20,1.4291579723358154
epoch,21,1.4391601085662842
epoch,22,1.4491581916809082
epoch,23,1.4491581916809082
epoch,24,1.4591608047485352
epoch,25,1.4691588878631592
epoch,26,1.479158639907837
epoch,27,1.4891586303710938
epoch,28,1.499159336090088
epoch,29,1.509157419204712
epoch,30,1.5191571712493896
epoch,31,1.529158115386963
epoch,32,1.5391600131988525
epoch,33,1.551330327987671
epoch,34,1.5613346099853516
epoch,35,1.5720062255859375
epoch,36,1.582005262374878
epoch,37,1.5910053253173828
epoch,38,1.6000068187713623
epoch,39,1.6100811958312988
epoch,40,1.6200785636901855
epoch,41,1.6285276412963867
epoch,42,1.638563632965088
epoch,43,1.6486408710479736
epoch,44,1.6576402187347412
epoch,45,1.6676416397094727
epoch,46,1.6767895221710205
epoch,47,1.6857595443725586
epoch,48,1.6957895755767822
epoch,49,1.7047905921936035
epoch,50,1.7144193649291992
epoch,51,1.7234199047088623
epoch,52,1.7333898544311523
epoch,53,1.7344160079956055
epoch,54,1.751603126525879
epoch,55,1.7616007328033447
epoch,56,1.7716031074523926
epoch,57,1.7807273864746094
epoch,58,1.7907335758209229
epoch,59,1.8007276058197021
epoch,60,1.8096978664398193
epoch,61,1.8197886943817139
epoch,62,1.8307573795318604
epoch,63,1.8397881984710693
epoch,64,1.8498857021331787
epoch,65,1.8598546981811523
epoch,66,1.8698573112487793
epoch,67,1.8805134296417236
epoch,68,1.8904838562011719
epoch,69,1.9005138874053955
epoch,70,1.9096095561981201
epoch,71,1.9206397533416748
epoch,72,1.9296388626098633
epoch,73,1.939636468887329
epoch,74,1.9497857093811035
epoch,75,1.959784984588623
epoch,76,1.9697880744934082
epoch,77,1.9797873497009277
epoch,78,1.9898576736450195
epoch,79,1.9998247623443604
epoch,80,2.0078446865081787
epoch,81,2.017845869064331
epoch,82,2.027876615524292
epoch,83,2.0339126586914062
epoch,84,2.0439491271972656
epoch,85,2.053947925567627
epoch,86,2.0639488697052
epoch,87,2.0739519596099854
epoch,88,2.0839483737945557
epoch,89,2.0939481258392334
epoch,90,2.1039490699768066
epoch,91,2.1139488220214844
epoch,92,2.1239490509033203
epoch,93,2.1339497566223145
epoch,94,2.1439590454101562
epoch,95,2.1539480686187744
epoch,96,2.163919687271118
epoch,97,2.1739492416381836
epoch,98,2.189983367919922
epoch,99,2.200019121170044
epoch,100,2.2100207805633545
epoch,101,2.2200191020965576
epoch,102,2.2300186157226562
epoch,103,2.2399914264678955
epoch,104,2.25001859664917
epoch,105,2.259990692138672
epoch,106,2.2700188159942627
epoch,107,2.280019521713257
epoch,108,2.289991855621338
epoch,109,2.300973415374756
epoch,110,2.3102188110351562
epoch,111,2.328683614730835
epoch,112,2.3406822681427
epoch,113,2.351682424545288
epoch,114,2.3627469539642334
epoch,115,2.374746322631836
epoch,116,2.3859996795654297
epoch,117,2.3971316814422607
epoch,118,2.4081313610076904
epoch,119,2.420102119445801
epoch,120,2.4312565326690674
epoch,121,2.4422597885131836
epoch,122,2.4522573947906494
epoch,123,2.463376522064209
epoch,124,2.474378824234009
epoch,125,2.485234022140503
epoch,126,2.4902570247650146
epoch,127,2.500258207321167
epoch,128,2.510258197784424
epoch,129,2.530259609222412
epoch,130,2.54025936126709
epoch,131,2.5502591133117676
epoch,132,2.560258626937866
epoch,133,2.575380802154541
epoch,134,2.587043285369873
epoch,135,2.598137140274048
epoch,136,2.6091716289520264
epoch,137,2.621164321899414
epoch,138,2.6321632862091064
epoch,139,2.64376163482666
epoch,140,2.6547598838806152
epoch,141,2.662832021713257
epoch,142,2.672833204269409
epoch,143,2.682833194732666
epoch,144,2.7003743648529053
epoch,145,2.7103779315948486
epoch,146,2.7203800678253174
epoch,147,2.7303450107574463
epoch,148,2.740345001220703
epoch,149,2.750344753265381
epoch,150,2.770345449447632
epoch,151,2.7803452014923096
epoch,152,2.790375232696533
epoch,153,2.8003737926483154
epoch,154,2.8103444576263428
epoch,155,2.820374011993408
epoch,156,2.840345621109009
epoch,157,2.846351146697998
epoch,158,2.8563573360443115
epoch,159,2.876356840133667
epoch,160,2.886357545852661
epoch,161,2.8963871002197266
epoch,162,2.9063570499420166
epoch,163,2.9257330894470215
epoch,164,2.938652276992798
epoch,165,2.950704336166382
epoch,166,2.962324619293213
epoch,167,2.9743711948394775
epoch,168,2.986370801925659
epoch,169,2.9985618591308594
epoch,170,3.011561870574951
epoch,171,3.0234525203704834
epoch,172,3.0354225635528564
epoch,173,3.047461748123169
epoch,174,3.059605598449707
epoch,175,3.071606159210205
epoch,176,3.0836305618286133
epoch,177,3.0976293087005615
epoch,178,3.11015248298645
epoch,179,3.121796131134033
epoch,180,3.1347668170928955
epoch,181,3.148308038711548
epoch,182,3.1603078842163086
epoch,183,3.1733076572418213
epoch,184,3.1863460540771484
epoch,185,3.1983466148376465
epoch,186,3.210345506668091
epoch,187,3.2239291667938232
epoch,188,3.2365591526031494
epoch,189,3.2445826530456543
epoch,190,3.25258731842041
epoch,191,3.2725930213928223
epoch,192,3.282593011856079
epoch,193,3.292593002319336
epoch,194,3.3137238025665283
epoch,195,3.3237242698669434
epoch,196,3.333724021911621
epoch,197,3.3519704341888428
epoch,198,3.3646345138549805
epoch,199,3.377634286880493
epoch,200,3.3907880783081055
epoch,201,3.4046146869659424
epoch,202,3.4176523685455322
epoch,203,3.4306416511535645
epoch,204,3.4436421394348145
epoch,205,3.4559669494628906
epoch,206,3.468966245651245
epoch,207,3.4816577434539795
epoch,208,3.4952778816223145
epoch,209,3.5083162784576416
epoch,210,3.5213165283203125
epoch,211,3.5333168506622314
epoch,212,3.546316385269165
epoch,213,3.5603740215301514
epoch,214,3.5741679668426514
epoch,215,3.5882623195648193
epoch,216,3.600942611694336
epoch,217,3.613942861557007
epoch,218,3.627073287963867
epoch,219,3.6403017044067383
epoch,220,3.654513359069824
epoch,221,3.668513536453247
epoch,222,3.6826021671295166
epoch,223,3.69010591506958
epoch,224,3.710113286972046
epoch,225,3.7201125621795654
epoch,226,3.730111837387085
epoch,227,3.750141143798828
epoch,228,3.7601428031921387
epoch,229,3.7801408767700195
epoch,230,3.7901411056518555
epoch,231,3.807063579559326
epoch,232,3.8208351135253906
epoch,233,3.8338875770568848
epoch,234,3.847916841506958
epoch,235,3.860886812210083
epoch,236,3.8749806880950928
epoch,237,3.8889811038970947
epoch,238,3.9020936489105225
epoch,239,3.916093349456787
epoch,240,3.93015456199646
epoch,241,3.9451539516448975
epoch,242,3.959153652191162
epoch,243,3.973663091659546
epoch,244,3.988701343536377
epoch,245,4.0027666091918945
epoch,246,4.017767429351807
epoch,247,4.031771659851074
epoch,248,4.045772314071655
epoch,249,4.059914827346802
epoch,250,4.073997974395752
epoch,251,4.087893009185791
epoch,252,4.101892948150635
epoch,253,4.11660099029541
epoch,254,4.127635717391968
epoch,255,4.137641191482544
epoch,256,4.157673597335815
epoch,257,4.167641639709473
epoch,258,4.187641859054565
epoch,259,4.1976423263549805
epoch,260,4.217641353607178
epoch,261,4.227641820907593
epoch,262,4.247670888900757
epoch,263,4.257673501968384
epoch,264,4.2676708698272705
epoch,265,4.283706903457642
epoch,266,4.3048553466796875
epoch,267,4.315249681472778
epoch,268,4.335294723510742
epoch,269,4.345285654067993
epoch,270,4.365289688110352
epoch,271,4.375292062759399
epoch,272,4.395285606384277
epoch,273,4.405256509780884
epoch,274,4.425256967544556
epoch,275,4.435256719589233
epoch,276,4.455256462097168
epoch,277,4.471261978149414
epoch,278,4.48126745223999
epoch,279,4.503556489944458
epoch,280,4.5185558795928955
epoch,281,4.534507751464844
epoch,282,4.549476623535156
epoch,283,4.565576553344727
epoch,284,4.581576347351074
epoch,285,4.597205877304077
epoch,286,4.612404823303223
epoch,287,4.627101421356201
epoch,288,4.643137693405151
epoch,289,4.658541440963745
epoch,290,4.673645496368408
epoch,291,4.683645248413086
epoch,292,4.700157880783081
epoch,293,4.710159063339233
epoch,294,4.730158567428589
epoch,295,4.740158557891846
epoch,296,4.7601587772369385
epoch,297,4.770159006118774
epoch,298,4.790158033370972
epoch,299,4.8092663288116455
