checktype,current_epoch,time_usage
epoch,0,0.8546745777130127
epoch,1,0.864638090133667
epoch,2,0.864638090133667
epoch,3,0.8746387958526611
epoch,4,0.8846378326416016
epoch,5,0.8946378231048584
epoch,6,0.9046387672424316
epoch,7,0.9146380424499512
epoch,8,0.9146380424499512
epoch,9,0.9246392250061035
epoch,10,0.9346387386322021
epoch,11,0.9446382522583008
epoch,12,0.9546380043029785
epoch,13,0.9646387100219727
epoch,14,0.9646387100219727
epoch,15,0.9746379852294922
epoch,16,0.9846389293670654
epoch,17,0.994638204574585
epoch,18,1.0046374797821045
epoch,19,1.0146384239196777
epoch,20,1.0246381759643555
epoch,21,1.034637689590454
epoch,22,1.034637689590454
epoch,23,1.0446677207946777
epoch,24,1.0546388626098633
epoch,25,1.0646677017211914
epoch,26,1.0746686458587646
epoch,27,1.0846669673919678
epoch,28,1.0846669673919678
epoch,29,1.0946681499481201
epoch,30,1.1046388149261475
epoch,31,1.114637851715088
epoch,32,1.1246685981750488
epoch,33,1.1346681118011475
epoch,34,1.1446678638458252
epoch,35,1.1446678638458252
epoch,36,1.1548237800598145
epoch,37,1.164830207824707
epoch,38,1.1748301982879639
epoch,39,1.1823663711547852
epoch,40,1.192373514175415
epoch,41,1.2024037837982178
epoch,42,1.21240234375
epoch,43,1.2224016189575195
epoch,44,1.232405424118042
epoch,45,1.2424020767211914
epoch,46,1.2424020767211914
epoch,47,1.2523729801177979
epoch,48,1.2624025344848633
epoch,49,1.272402286529541
epoch,50,1.2824020385742188
epoch,51,1.2961909770965576
epoch,52,1.2993946075439453
epoch,53,1.30743408203125
epoch,54,1.3174757957458496
epoch,55,1.3274705410003662
epoch,56,1.3374700546264648
epoch,57,1.3474695682525635
epoch,58,1.3574697971343994
epoch,59,1.3696494102478027
epoch,60,1.3796839714050293
epoch,61,1.3896846771240234
epoch,62,1.3896846771240234
epoch,63,1.399684190750122
epoch,64,1.4096567630767822
epoch,65,1.4196867942810059
epoch,66,1.4296844005584717
epoch,67,1.4396560192108154
epoch,68,1.4496889114379883
epoch,69,1.4596853256225586
epoch,70,1.4696571826934814
epoch,71,1.4796552658081055
epoch,72,1.4896550178527832
epoch,73,1.499687910079956
epoch,74,1.5096840858459473
epoch,75,1.526224136352539
epoch,76,1.5362603664398193
epoch,77,1.5462603569030762
epoch,78,1.556260108947754
epoch,79,1.5662591457366943
epoch,80,1.5762593746185303
epoch,81,1.586195945739746
epoch,82,1.589195966720581
epoch,83,1.5995755195617676
epoch,84,1.6095764636993408
epoch,85,1.6195759773254395
epoch,86,1.6295757293701172
epoch,87,1.63954758644104
epoch,88,1.6495776176452637
epoch,89,1.659548282623291
epoch,90,1.6695764064788818
epoch,91,1.67954683303833
epoch,92,1.6895756721496582
epoch,93,1.7095756530761719
epoch,94,1.7195768356323242
epoch,95,1.7295777797698975
epoch,96,1.7395753860473633
epoch,97,1.7495753765106201
epoch,98,1.7595772743225098
epoch,99,1.7695798873901367
epoch,100,1.779578447341919
epoch,101,1.7895758152008057
epoch,102,1.7995481491088867
epoch,103,1.8095479011535645
epoch,104,1.8195810317993164
epoch,105,1.8295772075653076
epoch,106,1.8495757579803467
epoch,107,1.8595783710479736
epoch,108,1.8695762157440186
epoch,109,1.8795766830444336
epoch,110,1.8895776271820068
epoch,111,1.8995754718780518
epoch,112,1.909576416015625
epoch,113,1.919546365737915
epoch,114,1.9395756721496582
epoch,115,1.9495766162872314
epoch,116,1.9580636024475098
epoch,117,1.96809983253479
epoch,118,1.9781010150909424
epoch,119,1.9980733394622803
epoch,120,2.008072853088379
epoch,121,2.0180740356445312
epoch,122,2.028102397918701
epoch,123,2.038104772567749
epoch,124,2.0480713844299316
epoch,125,2.068101167678833
epoch,126,2.07810115814209
epoch,127,2.088102102279663
epoch,128,2.0981013774871826
epoch,129,2.108104705810547
epoch,130,2.11810040473938
epoch,131,2.1381032466888428
epoch,132,2.1481010913848877
epoch,133,2.1632580757141113
epoch,134,2.1687116622924805
epoch,135,2.1787123680114746
epoch,136,2.198744773864746
epoch,137,2.2087416648864746
epoch,138,2.2187416553497314
epoch,139,2.2287425994873047
epoch,140,2.244777202606201
epoch,141,2.2548134326934814
epoch,142,2.264785051345825
epoch,143,2.2848129272460938
epoch,144,2.294814348220825
epoch,145,2.3048129081726074
epoch,146,2.3248164653778076
epoch,147,2.334813356399536
epoch,148,2.3448143005371094
epoch,149,2.35481333732605
epoch,150,2.3748133182525635
epoch,151,2.3848183155059814
epoch,152,2.4013609886169434
epoch,153,2.41139817237854
epoch,154,2.4213972091674805
epoch,155,2.4313676357269287
epoch,156,2.4513680934906006
epoch,157,2.4613680839538574
epoch,158,2.471367835998535
epoch,159,2.493666172027588
epoch,160,2.5036654472351074
epoch,161,2.5136656761169434
epoch,162,2.5236666202545166
epoch,163,2.5436673164367676
epoch,164,2.5536956787109375
epoch,165,2.5736653804779053
epoch,166,2.5836946964263916
epoch,167,2.593696355819702
epoch,168,2.6136960983276367
epoch,169,2.619701862335205
epoch,170,2.6397082805633545
epoch,171,2.6497385501861572
epoch,172,2.6697428226470947
epoch,173,2.6797382831573486
epoch,174,2.6897435188293457
epoch,175,2.709737777709961
epoch,176,2.7197089195251465
epoch,177,2.729738712310791
epoch,178,2.7497382164001465
epoch,179,2.759708881378174
epoch,180,2.7797091007232666
epoch,181,2.789710283279419
epoch,182,2.8097121715545654
epoch,183,2.819709062576294
epoch,184,2.839710235595703
epoch,185,2.8483223915100098
epoch,186,2.868326425552368
epoch,187,2.879910945892334
epoch,188,2.889910936355591
epoch,189,2.9099104404449463
epoch,190,2.9199109077453613
epoch,191,2.939910650253296
epoch,192,2.949911594390869
epoch,193,2.959912061691284
epoch,194,2.9799108505249023
epoch,195,2.999910593032837
epoch,196,3.009911060333252
epoch,197,3.0299582481384277
epoch,198,3.0399112701416016
epoch,199,3.049910545349121
epoch,200,3.069911003112793
epoch,201,3.079911470413208
epoch,202,3.099910020828247
epoch,203,3.109910249710083
epoch,204,3.129910945892334
epoch,205,3.139910936355591
epoch,206,3.160059928894043
epoch,207,3.1706011295318604
epoch,208,3.1898691654205322
epoch,209,3.204449415206909
epoch,210,3.213456630706787
epoch,211,3.2334632873535156
epoch,212,3.2434654235839844
epoch,213,3.263463020324707
epoch,214,3.273463487625122
epoch,215,3.293463945388794
epoch,216,3.3034632205963135
epoch,217,3.323462963104248
epoch,218,3.333462953567505
epoch,219,3.3534631729125977
epoch,220,3.3699681758880615
epoch,221,3.379973888397217
epoch,222,3.3999738693237305
epoch,223,3.4099748134613037
epoch,224,3.429973840713501
epoch,225,3.439974069595337
epoch,226,3.4599735736846924
epoch,227,3.4800100326538086
epoch,228,3.4900169372558594
epoch,229,3.510016441345215
epoch,230,3.523745059967041
epoch,231,3.5437445640563965
epoch,232,3.553744316101074
epoch,233,3.573745012283325
epoch,234,3.593744993209839
epoch,235,3.6037449836730957
epoch,236,3.6197497844696045
epoch,237,3.6397554874420166
epoch,238,3.6497550010681152
epoch,239,3.669755697250366
epoch,240,3.68975567817688
epoch,241,3.6997556686401367
epoch,242,3.719754695892334
epoch,243,3.729755401611328
epoch,244,3.749755382537842
epoch,245,3.7697551250457764
epoch,246,3.7797553539276123
epoch,247,3.7997546195983887
epoch,248,3.809755563735962
epoch,249,3.829756021499634
epoch,250,3.849755048751831
epoch,251,3.859755516052246
epoch,252,3.8797554969787598
epoch,253,3.8997554779052734
epoch,254,3.9097554683685303
epoch,255,3.929755926132202
epoch,256,3.9397549629211426
epoch,257,3.9597554206848145
epoch,258,3.979755401611328
epoch,259,3.989755392074585
epoch,260,4.009756088256836
epoch,261,4.029755592346191
epoch,262,4.039755344390869
epoch,263,4.059755563735962
epoch,264,4.079755544662476
epoch,265,4.089755296707153
epoch,266,4.109755277633667
epoch,267,4.129755020141602
epoch,268,4.139755487442017
epoch,269,4.159755706787109
epoch,270,4.182512521743774
epoch,271,4.197734832763672
epoch,272,4.217736721038818
epoch,273,4.227737188339233
epoch,274,4.244740962982178
epoch,275,4.264747142791748
epoch,276,4.28477668762207
epoch,277,4.294776678085327
epoch,278,4.314747333526611
epoch,279,4.334747076034546
epoch,280,4.344747543334961
epoch,281,4.364746570587158
epoch,282,4.384748697280884
epoch,283,4.401251554489136
epoch,284,4.41496729850769
epoch,285,4.432510614395142
epoch,286,4.452517747879028
epoch,287,4.472517251968384
epoch,288,4.492546796798706
epoch,289,4.5025177001953125
epoch,290,4.522517442703247
epoch,291,4.542546987533569
epoch,292,4.562546253204346
epoch,293,4.5725178718566895
epoch,294,4.598559856414795
epoch,295,4.608530044555664
epoch,296,4.628530263900757
epoch,297,4.648530960083008
epoch,298,4.668530702590942
epoch,299,4.688559293746948
