checktype,current_epoch,time_usage
epoch,0,0.7470183372497559
epoch,1,0.7569894790649414
epoch,2,0.7569894790649414
epoch,3,0.7669899463653564
epoch,4,0.776989221572876
epoch,5,0.776989221572876
epoch,6,0.7869901657104492
epoch,7,0.796990156173706
epoch,8,0.796990156173706
epoch,9,0.8069899082183838
epoch,10,0.8169901371002197
epoch,11,0.8269894123077393
epoch,12,0.8269894123077393
epoch,13,0.8369898796081543
epoch,14,0.8469905853271484
epoch,15,0.8529970645904541
epoch,16,0.8630027770996094
epoch,17,0.8630027770996094
epoch,18,0.8730032444000244
epoch,19,0.8830032348632812
epoch,20,0.8830032348632812
epoch,21,0.8930034637451172
epoch,22,0.9030039310455322
epoch,23,0.9130032062530518
epoch,24,0.9130032062530518
epoch,25,0.9230036735534668
epoch,26,0.9330024719238281
epoch,27,0.9330024719238281
epoch,28,0.9430027008056641
epoch,29,0.9530034065246582
epoch,30,0.9630026817321777
epoch,31,0.9630026817321777
epoch,32,0.9730026721954346
epoch,33,0.9830024242401123
epoch,34,0.9830024242401123
epoch,35,0.9930031299591064
epoch,36,1.003002643585205
epoch,37,1.0130035877227783
epoch,38,1.0130035877227783
epoch,39,1.023003339767456
epoch,40,1.033003807067871
epoch,41,1.0430035591125488
epoch,42,1.0430035591125488
epoch,43,1.0530030727386475
epoch,44,1.0630035400390625
epoch,45,1.073002815246582
epoch,46,1.073002815246582
epoch,47,1.0830028057098389
epoch,48,1.0930027961730957
epoch,49,1.1030035018920898
epoch,50,1.1030035018920898
epoch,51,1.1130030155181885
epoch,52,1.1230032444000244
epoch,53,1.1330034732818604
epoch,54,1.1430027484893799
epoch,55,1.1430027484893799
epoch,56,1.1530041694641113
epoch,57,1.1630032062530518
epoch,58,1.173003911972046
epoch,59,1.1830031871795654
epoch,60,1.1830031871795654
epoch,61,1.1930036544799805
epoch,62,1.203002691268921
epoch,63,1.2130029201507568
epoch,64,1.2230026721954346
epoch,65,1.2230026721954346
epoch,66,1.2330317497253418
epoch,67,1.2430031299591064
epoch,68,1.2530028820037842
epoch,69,1.2630031108856201
epoch,70,1.273003101348877
epoch,71,1.273003101348877
epoch,72,1.2830026149749756
epoch,73,1.2992866039276123
epoch,74,1.2992866039276123
epoch,75,1.309288740158081
epoch,76,1.319288730621338
epoch,77,1.3292882442474365
epoch,78,1.3392884731292725
epoch,79,1.3492884635925293
epoch,80,1.359288215637207
epoch,81,1.3692879676818848
epoch,82,1.3692879676818848
epoch,83,1.379289150238037
epoch,84,1.3892898559570312
epoch,85,1.3992879390716553
epoch,86,1.4093167781829834
epoch,87,1.4193170070648193
epoch,88,1.4299523830413818
epoch,89,1.4399585723876953
epoch,90,1.4469637870788574
epoch,91,1.4611010551452637
epoch,92,1.4622211456298828
epoch,93,1.4778618812561035
epoch,94,1.487868070602417
epoch,95,1.487868070602417
epoch,96,1.4978678226470947
epoch,97,1.5078678131103516
epoch,98,1.517897367477417
epoch,99,1.5278692245483398
epoch,100,1.5378963947296143
epoch,101,1.5478684902191162
epoch,102,1.557868242263794
epoch,103,1.567868947982788
epoch,104,1.5778706073760986
epoch,105,1.5878682136535645
epoch,106,1.5978686809539795
epoch,107,1.6078991889953613
epoch,108,1.6178674697875977
epoch,109,1.634373664855957
epoch,110,1.6443805694580078
epoch,111,1.6543803215026855
epoch,112,1.6643800735473633
epoch,113,1.6743800640106201
epoch,114,1.684380054473877
epoch,115,1.694380521774292
epoch,116,1.7043800354003906
epoch,117,1.714381217956543
epoch,118,1.7243800163269043
epoch,119,1.734379768371582
epoch,120,1.744380235671997
epoch,121,1.754380226135254
epoch,122,1.7643804550170898
epoch,123,1.7743802070617676
epoch,124,1.7843801975250244
epoch,125,1.7903852462768555
epoch,126,1.8003919124603271
epoch,127,1.8187172412872314
epoch,128,1.8219225406646729
epoch,129,1.831928014755249
epoch,130,1.8419280052185059
epoch,131,1.8519282341003418
epoch,132,1.8619282245635986
epoch,133,1.8819284439086914
epoch,134,1.8919281959533691
epoch,135,1.9019293785095215
epoch,136,1.911956787109375
epoch,137,1.921928882598877
epoch,138,1.9319286346435547
epoch,139,1.9419283866882324
epoch,140,1.9519288539886475
epoch,141,1.9619288444519043
epoch,142,1.9719276428222656
epoch,143,1.9819285869598389
epoch,144,1.991957187652588
epoch,145,2.011928081512451
epoch,146,2.0219290256500244
epoch,147,2.031928777694702
epoch,148,2.041929244995117
epoch,149,2.051928758621216
epoch,150,2.0619287490844727
epoch,151,2.0719282627105713
epoch,152,2.081929922103882
epoch,153,2.091928720474243
epoch,154,2.111957550048828
epoch,155,2.1219570636749268
epoch,156,2.1319289207458496
epoch,157,2.1419284343719482
epoch,158,2.1519582271575928
epoch,159,2.1619579792022705
epoch,160,2.171929359436035
epoch,161,2.191957712173462
epoch,162,2.2019293308258057
epoch,163,2.211927890777588
epoch,164,2.221928119659424
epoch,165,2.231928825378418
epoch,166,2.251929521560669
epoch,167,2.2619287967681885
epoch,168,2.271928310394287
epoch,169,2.281928777694702
epoch,170,2.2919278144836426
epoch,171,2.3119289875030518
epoch,172,2.3219282627105713
epoch,173,2.3319573402404785
epoch,174,2.341928720474243
epoch,175,2.351963996887207
epoch,176,2.362622022628784
epoch,177,2.382629156112671
epoch,178,2.392629384994507
epoch,179,2.402630090713501
epoch,180,2.4126291275024414
epoch,181,2.43279767036438
epoch,182,2.4428048133850098
epoch,183,2.452833652496338
epoch,184,2.4628052711486816
epoch,185,2.472804307937622
epoch,186,2.492805004119873
epoch,187,2.502804756164551
epoch,188,2.5093095302581787
epoch,189,2.5293161869049072
epoch,190,2.539316415786743
epoch,191,2.5493152141571045
epoch,192,2.5693154335021973
epoch,193,2.5793163776397705
epoch,194,2.58931565284729
epoch,195,2.599315881729126
epoch,196,2.621575355529785
epoch,197,2.6315741539001465
epoch,198,2.641573667526245
epoch,199,2.65157413482666
epoch,200,2.6715750694274902
epoch,201,2.681605100631714
epoch,202,2.691575050354004
epoch,203,2.711609363555908
epoch,204,2.721574068069458
epoch,205,2.7381136417388916
epoch,206,2.748114585876465
epoch,207,2.7581138610839844
epoch,208,2.768152952194214
epoch,209,2.7881433963775635
epoch,210,2.798114538192749
epoch,211,2.8081459999084473
epoch,212,2.8281140327453613
epoch,213,2.8381145000457764
epoch,214,2.848114252090454
epoch,215,2.8681142330169678
epoch,216,2.8841803073883057
epoch,217,2.8958024978637695
epoch,218,2.90580415725708
epoch,219,2.915804862976074
epoch,220,2.9358043670654297
epoch,221,2.9458043575286865
epoch,222,2.9558029174804688
epoch,223,2.975804090499878
epoch,224,2.9858338832855225
epoch,225,3.005803108215332
epoch,226,3.015833616256714
epoch,227,3.025804042816162
epoch,228,3.045804977416992
epoch,229,3.0558040142059326
epoch,230,3.075834274291992
epoch,231,3.0858335494995117
epoch,232,3.095832586288452
epoch,233,3.115833282470703
epoch,234,3.1258037090301514
epoch,235,3.145803689956665
epoch,236,3.155803680419922
epoch,237,3.175802707672119
epoch,238,3.1858041286468506
epoch,239,3.19580340385437
epoch,240,3.215803384780884
epoch,241,3.2258031368255615
epoch,242,3.2458038330078125
epoch,243,3.2558038234710693
epoch,244,3.275804042816162
epoch,245,3.2858030796051025
epoch,246,3.295804023742676
epoch,247,3.315803050994873
epoch,248,3.325803279876709
epoch,249,3.345804214477539
epoch,250,3.3558335304260254
epoch,251,3.3758046627044678
epoch,252,3.390338897705078
epoch,253,3.4003400802612305
epoch,254,3.420339584350586
epoch,255,3.43034029006958
epoch,256,3.4469172954559326
epoch,257,3.4569220542907715
epoch,258,3.4769952297210693
epoch,259,3.486994504928589
epoch,260,3.5069944858551025
epoch,261,3.5169949531555176
epoch,262,3.5369951725006104
epoch,263,3.5469958782196045
epoch,264,3.56699538230896
epoch,265,3.5769944190979004
epoch,266,3.596994638442993
epoch,267,3.6130053997039795
epoch,268,3.6230058670043945
epoch,269,3.64300537109375
epoch,270,3.663034677505493
epoch,271,3.6730058193206787
epoch,272,3.693042039871216
epoch,273,3.7030060291290283
epoch,274,3.723034381866455
epoch,275,3.7330057621002197
epoch,276,3.7530055046081543
epoch,277,3.7695467472076416
epoch,278,3.779517650604248
epoch,279,3.7995173931121826
epoch,280,3.8095176219940186
epoch,281,3.829516887664795
epoch,282,3.839517831802368
epoch,283,3.8595187664031982
epoch,284,3.8695175647735596
epoch,285,3.8895180225372314
epoch,286,3.899517297744751
epoch,287,3.919517755508423
epoch,288,3.9395477771759033
epoch,289,3.9495174884796143
epoch,290,3.9695169925689697
epoch,291,3.9795169830322266
epoch,292,3.9995172023773193
epoch,293,4.009517192840576
epoch,294,4.029517650604248
epoch,295,4.0495171546936035
epoch,296,4.0595173835754395
epoch,297,4.079517126083374
epoch,298,4.089517593383789
epoch,299,4.109547138214111
