checktype,current_epoch,time_usage
epoch,0,0.6460857391357422
epoch,1,0.6560850143432617
epoch,2,0.6560850143432617
epoch,3,0.6728570461273193
epoch,4,0.6770873069763184
epoch,5,0.6770873069763184
epoch,6,0.6870899200439453
epoch,7,0.6970891952514648
epoch,8,0.707089900970459
epoch,9,0.707089900970459
epoch,10,0.7170898914337158
epoch,11,0.7270894050598145
epoch,12,0.7270894050598145
epoch,13,0.7370903491973877
epoch,14,0.7470898628234863
epoch,15,0.7470898628234863
epoch,16,0.7570896148681641
epoch,17,0.76708984375
epoch,18,0.7770898342132568
epoch,19,0.7835960388183594
epoch,20,0.7835960388183594
epoch,21,0.7936019897460938
epoch,22,0.8036026954650879
epoch,23,0.813603401184082
epoch,24,0.813603401184082
epoch,25,0.8236324787139893
epoch,26,0.8336038589477539
epoch,27,0.8336038589477539
epoch,28,0.8436329364776611
epoch,29,0.8536312580108643
epoch,30,0.8636322021484375
epoch,31,0.8636322021484375
epoch,32,0.8736312389373779
epoch,33,0.8836319446563721
epoch,34,0.8836319446563721
epoch,35,0.8936030864715576
epoch,36,0.9036316871643066
epoch,37,0.9136309623718262
epoch,38,0.9136309623718262
epoch,39,0.9236323833465576
epoch,40,0.9336321353912354
epoch,41,0.939666748046875
epoch,42,0.9497032165527344
epoch,43,0.9497032165527344
epoch,44,0.9597065448760986
epoch,45,0.9697034358978271
epoch,46,0.9797115325927734
epoch,47,0.98970627784729
epoch,48,0.98970627784729
epoch,49,0.9997034072875977
epoch,50,1.0097031593322754
epoch,51,1.0197031497955322
epoch,52,1.0197031497955322
epoch,53,1.0297038555145264
epoch,54,1.0397064685821533
epoch,55,1.049703598022461
epoch,56,1.049703598022461
epoch,57,1.0597033500671387
epoch,58,1.0696744918823242
epoch,59,1.0796749591827393
epoch,60,1.0897040367126465
epoch,61,1.0962417125701904
epoch,62,1.1062769889831543
epoch,63,1.1062769889831543
epoch,64,1.1162774562835693
epoch,65,1.126279354095459
epoch,66,1.1362485885620117
epoch,67,1.146277666091919
epoch,68,1.1562812328338623
epoch,69,1.1562812328338623
epoch,70,1.1662771701812744
epoch,71,1.1762797832489014
epoch,72,1.1862766742706299
epoch,73,1.1962780952453613
epoch,74,1.2062807083129883
epoch,75,1.2062807083129883
epoch,76,1.216277837753296
epoch,77,1.2262482643127441
epoch,78,1.2362780570983887
epoch,79,1.2462782859802246
epoch,80,1.2523143291473389
epoch,81,1.2623510360717773
epoch,82,1.2723584175109863
epoch,83,1.2823505401611328
epoch,84,1.2923507690429688
epoch,85,1.3023228645324707
epoch,86,1.3123219013214111
epoch,87,1.3223505020141602
epoch,88,1.3323514461517334
epoch,89,1.3423511981964111
epoch,90,1.352351188659668
epoch,91,1.352351188659668
epoch,92,1.362351655960083
epoch,93,1.3723504543304443
epoch,94,1.3823621273040771
epoch,95,1.392322063446045
epoch,96,1.4085261821746826
epoch,97,1.4185621738433838
epoch,98,1.4185621738433838
epoch,99,1.428563117980957
epoch,100,1.4473516941070557
epoch,101,1.449418067932129
epoch,102,1.4594523906707764
epoch,103,1.469454050064087
epoch,104,1.4794597625732422
epoch,105,1.4894633293151855
epoch,106,1.4994237422943115
epoch,107,1.5094530582427979
epoch,108,1.5194551944732666
epoch,109,1.5294528007507324
epoch,110,1.5394525527954102
epoch,111,1.549424409866333
epoch,112,1.5594525337219238
epoch,113,1.569455623626709
epoch,114,1.5794556140899658
epoch,115,1.595961332321167
epoch,116,1.6059679985046387
epoch,117,1.6159679889678955
epoch,118,1.6259677410125732
epoch,119,1.6359672546386719
epoch,120,1.6459977626800537
epoch,121,1.6559679508209229
epoch,122,1.6659674644470215
epoch,123,1.6759674549102783
epoch,124,1.6859967708587646
epoch,125,1.695997714996338
epoch,126,1.7116799354553223
epoch,127,1.7212178707122803
epoch,128,1.7312610149383545
epoch,129,1.7412550449371338
epoch,130,1.7512562274932861
epoch,131,1.7612555027008057
epoch,132,1.7712547779083252
epoch,133,1.7812364101409912
epoch,134,1.7912545204162598
epoch,135,1.8012545108795166
epoch,136,1.811253547668457
epoch,137,1.8212547302246094
epoch,138,1.8312575817108154
epoch,139,1.8460185527801514
epoch,140,1.856025218963623
epoch,141,1.8660259246826172
epoch,142,1.8860552310943604
epoch,143,1.896061897277832
epoch,144,1.906062126159668
epoch,145,1.9160621166229248
epoch,146,1.926058292388916
epoch,147,1.9360568523406982
epoch,148,1.9460606575012207
epoch,149,1.9560697078704834
epoch,150,1.9660241603851318
epoch,151,1.9860565662384033
epoch,152,1.99605393409729
epoch,153,2.002088785171509
epoch,154,2.0121235847473145
epoch,155,2.0221242904663086
epoch,156,2.042128324508667
epoch,157,2.052124261856079
epoch,158,2.0620944499969482
epoch,159,2.072094678878784
epoch,160,2.082095146179199
epoch,161,2.0921242237091064
epoch,162,2.1121251583099365
epoch,163,2.1220943927764893
epoch,164,2.1320948600769043
epoch,165,2.1421256065368652
epoch,166,2.158600330352783
epoch,167,2.168606758117676
epoch,168,2.1786062717437744
epoch,169,2.188606023788452
epoch,170,2.198606252670288
epoch,171,2.218635320663452
epoch,172,2.2286059856414795
epoch,173,2.2412493228912354
epoch,174,2.2512505054473877
epoch,175,2.261251211166382
epoch,176,2.2712509632110596
epoch,177,2.291250467300415
epoch,178,2.3012518882751465
epoch,179,2.311251163482666
epoch,180,2.3212504386901855
epoch,181,2.3312511444091797
epoch,182,2.3512508869171143
epoch,183,2.3612513542175293
epoch,184,2.37725567817688
epoch,185,2.387261390686035
epoch,186,2.397261381149292
epoch,187,2.407261371612549
epoch,188,2.427290916442871
epoch,189,2.4372928142547607
epoch,190,2.4483566284179688
epoch,191,2.4583635330200195
epoch,192,2.478363275527954
epoch,193,2.48836350440979
epoch,194,2.4983632564544678
epoch,195,2.5083627700805664
epoch,196,2.528730630874634
epoch,197,2.538701295852661
epoch,198,2.548701286315918
epoch,199,2.564709424972534
epoch,200,2.574716091156006
epoch,201,2.5947160720825195
epoch,202,2.6047160625457764
epoch,203,2.6147162914276123
epoch,204,2.634716033935547
epoch,205,2.644716262817383
epoch,206,2.6547441482543945
epoch,207,2.6747164726257324
epoch,208,2.684715986251831
epoch,209,2.694744825363159
epoch,210,2.7047157287597656
epoch,211,2.7207212448120117
epoch,212,2.7407267093658447
epoch,213,2.7507269382476807
epoch,214,2.7607269287109375
epoch,215,2.7807557582855225
epoch,216,2.7907278537750244
epoch,217,2.8007631301879883
epoch,218,2.8207547664642334
epoch,219,2.8307271003723145
epoch,220,2.840726852416992
epoch,221,2.860726833343506
epoch,222,2.8707268238067627
epoch,223,2.8872385025024414
epoch,224,2.8972392082214355
epoch,225,2.907238721847534
epoch,226,2.9272396564483643
epoch,227,2.9372382164001465
epoch,228,2.9572389125823975
epoch,229,2.967238426208496
epoch,230,2.9772391319274902
epoch,231,2.9972381591796875
epoch,232,3.007240056991577
epoch,233,3.027237892150879
epoch,234,3.0332438945770264
epoch,235,3.0532500743865967
epoch,236,3.063250780105591
epoch,237,3.083250045776367
epoch,238,3.093249797821045
epoch,239,3.1032516956329346
epoch,240,3.123248815536499
epoch,241,3.1332499980926514
epoch,242,3.153287410736084
epoch,243,3.163250207901001
epoch,244,3.1832761764526367
epoch,245,3.1897833347320557
epoch,246,3.2097926139831543
epoch,247,3.2197911739349365
epoch,248,3.2397913932800293
epoch,249,3.2520735263824463
epoch,250,3.2620811462402344
epoch,251,3.2835865020751953
epoch,252,3.293592691421509
epoch,253,3.3139803409576416
epoch,254,3.3252243995666504
epoch,255,3.3352251052856445
epoch,256,3.355252265930176
epoch,257,3.365224838256836
epoch,258,3.3852241039276123
epoch,259,3.3952255249023438
epoch,260,3.41522479057312
epoch,261,3.425224781036377
epoch,262,3.445225238800049
epoch,263,3.456364393234253
epoch,264,3.476365089416504
epoch,265,3.4863665103912354
epoch,266,3.5063657760620117
epoch,267,3.5163652896881104
epoch,268,3.533371686935425
epoch,269,3.5533804893493652
epoch,270,3.5634078979492188
epoch,271,3.5833802223205566
epoch,272,3.5933802127838135
epoch,273,3.6133792400360107
epoch,274,3.623379945755005
epoch,275,3.6433804035186768
epoch,276,3.6615591049194336
epoch,277,3.673642635345459
epoch,278,3.689647912979126
epoch,279,3.699653148651123
epoch,280,3.719653606414795
epoch,281,3.7296528816223145
epoch,282,3.7496535778045654
epoch,283,3.7696542739868164
epoch,284,3.7796542644500732
epoch,285,3.795126438140869
epoch,286,3.8146328926086426
epoch,287,3.834639072418213
epoch,288,3.844639778137207
epoch,289,3.864640235900879
epoch,290,3.874638319015503
epoch,291,3.894639015197754
epoch,292,3.90463924407959
epoch,293,3.9246678352355957
epoch,294,3.94464111328125
epoch,295,3.9546396732330322
epoch,296,3.971144199371338
epoch,297,3.991180419921875
epoch,298,4.00115180015564
epoch,299,4.021151304244995
