checktype,current_epoch,time_usage
epoch,0,1.470862865447998
epoch,1,1.4819204807281494
epoch,2,1.4929211139678955
epoch,3,1.5029208660125732
epoch,4,1.5129854679107666
epoch,5,1.5229847431182861
epoch,6,1.5329842567443848
epoch,7,1.543107271194458
epoch,8,1.5531344413757324
epoch,9,1.5626804828643799
epoch,10,1.5726807117462158
epoch,11,1.5829734802246094
epoch,12,1.5929739475250244
epoch,13,1.6039741039276123
epoch,14,1.6139733791351318
epoch,15,1.6239736080169678
epoch,16,1.633974313735962
epoch,17,1.6439733505249023
epoch,18,1.6539733409881592
epoch,19,1.6639738082885742
epoch,20,1.6732828617095947
epoch,21,1.683337688446045
epoch,22,1.694338083267212
epoch,23,1.7043375968933105
epoch,24,1.714393138885498
epoch,25,1.7253930568695068
epoch,26,1.7353932857513428
epoch,27,1.7454473972320557
epoch,28,1.7564470767974854
epoch,29,1.7674472332000732
epoch,30,1.7785043716430664
epoch,31,1.7895028591156006
epoch,32,1.8005037307739258
epoch,33,1.8115665912628174
epoch,34,1.822566270828247
epoch,35,1.833566427230835
epoch,36,1.8436243534088135
epoch,37,1.8546247482299805
epoch,38,1.8646252155303955
epoch,39,1.8756937980651855
epoch,40,1.885693073272705
epoch,41,1.896693229675293
epoch,42,1.906759262084961
epoch,43,1.9177587032318115
epoch,44,1.9277586936950684
epoch,45,1.9388258457183838
epoch,46,1.9488255977630615
epoch,47,1.9598257541656494
epoch,48,1.970825433731079
epoch,49,1.9809281826019287
epoch,50,1.9919283390045166
epoch,51,2.0029282569885254
epoch,52,2.013989210128784
epoch,53,2.024989604949951
epoch,54,2.03498911857605
epoch,55,2.045989513397217
epoch,56,2.0569896697998047
epoch,57,2.0680291652679443
epoch,58,2.0801620483398438
epoch,59,2.091160535812378
epoch,60,2.1021621227264404
epoch,61,2.114234685897827
epoch,62,2.125234603881836
epoch,63,2.1362969875335693
epoch,64,2.14829683303833
epoch,65,2.159362554550171
epoch,66,2.1704063415527344
epoch,67,2.1824347972869873
epoch,68,2.1934049129486084
epoch,69,2.205484390258789
epoch,70,2.2175512313842773
epoch,71,2.2285571098327637
epoch,72,2.2396254539489746
epoch,73,2.250624418258667
epoch,74,2.262624740600586
epoch,75,2.273742437362671
epoch,76,2.285742998123169
epoch,77,2.2967426776885986
epoch,78,2.3088178634643555
epoch,79,2.3205199241638184
epoch,80,2.3315188884735107
epoch,81,2.343517303466797
epoch,82,2.3545753955841064
epoch,83,2.366614818572998
epoch,84,2.3786442279815674
epoch,85,2.389643669128418
epoch,86,2.401691198348999
epoch,87,2.4136905670166016
epoch,88,2.4257216453552246
epoch,89,2.437873601913452
epoch,90,2.449842929840088
epoch,91,2.4618732929229736
epoch,92,2.4740121364593506
epoch,93,2.486017942428589
epoch,94,2.4981791973114014
epoch,95,2.5101799964904785
epoch,96,2.52217960357666
epoch,97,2.5342507362365723
epoch,98,2.5459840297698975
epoch,99,2.557988405227661
epoch,100,2.570117950439453
epoch,101,2.5831186771392822
epoch,102,2.5942227840423584
epoch,103,2.6072208881378174
epoch,104,2.6192209720611572
epoch,105,2.630328416824341
epoch,106,2.642329454421997
epoch,107,2.6543285846710205
epoch,108,2.6663904190063477
epoch,109,2.678611993789673
epoch,110,2.69092059135437
epoch,111,2.7030208110809326
epoch,112,2.71505069732666
epoch,113,2.726938247680664
epoch,114,2.7399773597717285
epoch,115,2.75197696685791
epoch,116,2.7639682292938232
epoch,117,2.7769711017608643
epoch,118,2.7889695167541504
epoch,119,2.8030688762664795
epoch,120,2.8150687217712402
epoch,121,2.828127861022949
epoch,122,2.841127395629883
epoch,123,2.853128433227539
epoch,124,2.866224527359009
epoch,125,2.879223346710205
epoch,126,2.892272472381592
epoch,127,2.9052720069885254
epoch,128,2.9172720909118652
epoch,129,2.930342435836792
epoch,130,2.9423422813415527
epoch,131,2.955402135848999
epoch,132,2.9684019088745117
epoch,133,2.9814035892486572
epoch,134,2.993558645248413
epoch,135,3.0065622329711914
epoch,136,3.018598794937134
epoch,137,3.032660961151123
epoch,138,3.0458714962005615
epoch,139,3.058974504470825
epoch,140,3.071974754333496
epoch,141,3.0840063095092773
epoch,142,3.098005771636963
epoch,143,3.110006332397461
epoch,144,3.1242549419403076
epoch,145,3.1372532844543457
epoch,146,3.149547576904297
epoch,147,3.1635494232177734
epoch,148,3.1765899658203125
epoch,149,3.1896533966064453
epoch,150,3.2026526927948
epoch,151,3.215771436691284
epoch,152,3.228771924972534
epoch,153,3.241772174835205
epoch,154,3.2559168338775635
epoch,155,3.2689168453216553
epoch,156,3.2819745540618896
epoch,157,3.294973611831665
epoch,158,3.3079733848571777
epoch,159,3.321071147918701
epoch,160,3.3350698947906494
epoch,161,3.3481345176696777
epoch,162,3.3621339797973633
epoch,163,3.3751680850982666
epoch,164,3.388298273086548
epoch,165,3.4023029804229736
epoch,166,3.4163334369659424
epoch,167,3.4294016361236572
epoch,168,3.4434702396392822
epoch,169,3.4564993381500244
epoch,170,3.4708938598632812
epoch,171,3.4839651584625244
epoch,172,3.4975736141204834
epoch,173,3.511573553085327
epoch,174,3.5255730152130127
epoch,175,3.5391459465026855
epoch,176,3.55417537689209
epoch,177,3.5672855377197266
epoch,178,3.5813488960266113
epoch,179,3.5961451530456543
epoch,180,3.6101503372192383
epoch,181,3.6241884231567383
epoch,182,3.637287139892578
epoch,183,3.6532554626464844
epoch,184,3.6676700115203857
epoch,185,3.681774854660034
epoch,186,3.695775032043457
epoch,187,3.7098355293273926
epoch,188,3.7238352298736572
epoch,189,3.737898349761963
epoch,190,3.7518975734710693
epoch,191,3.765897512435913
epoch,192,3.7790186405181885
epoch,193,3.7931888103485107
epoch,194,3.806535005569458
epoch,195,3.820573568344116
epoch,196,3.833595037460327
epoch,197,3.8435966968536377
epoch,198,3.861642599105835
epoch,199,3.8758366107940674
epoch,200,3.8899738788604736
epoch,201,3.9040682315826416
epoch,202,3.9190685749053955
epoch,203,3.9341399669647217
epoch,204,3.948474884033203
epoch,205,3.9625277519226074
epoch,206,3.977001428604126
epoch,207,3.992001533508301
epoch,208,4.006163835525513
epoch,209,4.020160675048828
epoch,210,4.034161329269409
epoch,211,4.048131942749023
epoch,212,4.062288522720337
epoch,213,4.076715469360352
epoch,214,4.091769695281982
epoch,215,4.106238126754761
epoch,216,4.1202380657196045
epoch,217,4.134327411651611
epoch,218,4.148326873779297
epoch,219,4.162452936172485
epoch,220,4.176452398300171
epoch,221,4.190452337265015
epoch,222,4.205452919006348
epoch,223,4.219841957092285
epoch,224,4.235121250152588
epoch,225,4.249231338500977
epoch,226,4.2646324634552
epoch,227,4.279632806777954
epoch,228,4.294761896133423
epoch,229,4.308874607086182
epoch,230,4.3239734172821045
epoch,231,4.338984966278076
epoch,232,4.352984428405762
epoch,233,4.366986513137817
epoch,234,4.383078098297119
epoch,235,4.397077560424805
epoch,236,4.412084102630615
epoch,237,4.425232172012329
epoch,238,4.435231685638428
epoch,239,4.4555511474609375
epoch,240,4.470304489135742
epoch,241,4.485304832458496
epoch,242,4.500386953353882
epoch,243,4.515817642211914
epoch,244,4.530856370925903
epoch,245,4.545980930328369
epoch,246,4.5530009269714355
epoch,247,4.570268630981445
epoch,248,4.590301275253296
epoch,249,4.600275039672852
epoch,250,4.620304346084595
epoch,251,4.630274772644043
epoch,252,4.650275468826294
epoch,253,4.669520378112793
epoch,254,4.685297966003418
epoch,255,4.701016426086426
epoch,256,4.716097831726074
epoch,257,4.731027364730835
epoch,258,4.747027635574341
epoch,259,4.761919021606445
epoch,260,4.776659965515137
epoch,261,4.792288064956665
epoch,262,4.807332754135132
epoch,263,4.822333097457886
epoch,264,4.834409475326538
epoch,265,4.85310435295105
epoch,266,4.86530613899231
epoch,267,4.882840633392334
epoch,268,4.8928468227386475
epoch,269,4.912846565246582
epoch,270,4.922846555709839
epoch,271,4.942847728729248
epoch,272,4.961899280548096
epoch,273,4.9778993129730225
epoch,274,4.993898868560791
epoch,275,5.010041236877441
epoch,276,5.026041030883789
epoch,277,5.041040897369385
epoch,278,5.056978702545166
epoch,279,5.070061922073364
epoch,280,5.080067873001099
epoch,281,5.100068807601929
epoch,282,5.120068788528442
epoch,283,5.130067348480225
epoch,284,5.150068521499634
epoch,285,5.170098781585693
epoch,286,5.180067777633667
epoch,287,5.203421115875244
epoch,288,5.219456434249878
epoch,289,5.235554456710815
epoch,290,5.252254009246826
epoch,291,5.268460988998413
epoch,292,5.283716917037964
epoch,293,5.299925088882446
epoch,294,5.309896469116211
epoch,295,5.3298962116241455
epoch,296,5.344133377075195
epoch,297,5.364763259887695
epoch,298,5.375845909118652
epoch,299,5.392890930175781
epoch,300,5.41291618347168
epoch,301,5.422889947891235
epoch,302,5.4428887367248535
epoch,303,5.4528892040252686
epoch,304,5.478195905685425
epoch,305,5.494370222091675
epoch,306,5.511034250259399
epoch,307,5.526744842529297
epoch,308,5.5427446365356445
epoch,309,5.559519290924072
epoch,310,5.571185350418091
epoch,311,5.591191291809082
epoch,312,5.60119104385376
epoch,313,5.621191024780273
epoch,314,5.641219615936279
epoch,315,5.651190757751465
epoch,316,5.671190500259399
epoch,317,5.6912195682525635
epoch,318,5.701190948486328
epoch,319,5.725253105163574
epoch,320,5.742025136947632
epoch,321,5.759088039398193
epoch,322,5.7760701179504395
epoch,323,5.792070388793945
epoch,324,5.809356451034546
epoch,325,5.819993734359741
epoch,326,5.839999437332153
epoch,327,5.860002279281616
epoch,328,5.869999885559082
epoch,329,5.890000820159912
epoch,330,5.910001754760742
epoch,331,5.920000314712524
epoch,332,5.939999341964722
epoch,333,5.961497068405151
epoch,334,5.979362487792969
epoch,335,5.9953932762146
epoch,336,6.01224160194397
epoch,337,6.029417991638184
epoch,338,6.046475410461426
epoch,339,6.058020114898682
epoch,340,6.078022003173828
epoch,341,6.0980224609375
epoch,342,6.1080241203308105
epoch,343,6.128023862838745
epoch,344,6.148023843765259
epoch,345,6.164028882980347
epoch,346,6.184036016464233
epoch,347,6.194037914276123
epoch,348,6.214035987854004
epoch,349,6.234035491943359
epoch,350,6.254251480102539
epoch,351,6.272162914276123
epoch,352,6.290238857269287
epoch,353,6.307476997375488
epoch,354,6.324602127075195
epoch,355,6.341957330703735
epoch,356,6.358993291854858
epoch,357,6.374695777893066
epoch,358,6.392736911773682
epoch,359,6.402707099914551
epoch,360,6.429630517959595
epoch,361,6.445203542709351
epoch,362,6.464446067810059
epoch,363,6.481731176376343
epoch,364,6.500170707702637
epoch,365,6.517170429229736
epoch,366,6.534922122955322
epoch,367,6.551813364028931
epoch,368,6.5628342628479
epoch,369,6.580915212631226
epoch,370,6.6009228229522705
epoch,371,6.616164207458496
epoch,372,6.632521152496338
epoch,373,6.652527332305908
epoch,374,6.672556161880493
epoch,375,6.692556858062744
epoch,376,6.712561368942261
epoch,377,6.722527503967285
epoch,378,6.742527484893799
epoch,379,6.762527704238892
epoch,380,6.785983085632324
epoch,381,6.803621768951416
epoch,382,6.82218074798584
epoch,383,6.839902877807617
epoch,384,6.858976602554321
epoch,385,6.876977205276489
epoch,386,6.892573356628418
epoch,387,6.912573575973511
epoch,388,6.922544240951538
epoch,389,6.9425435066223145
epoch,390,6.96783709526062
epoch,391,6.987806558609009
epoch,392,7.006880521774292
epoch,393,7.025507926940918
epoch,394,7.043910026550293
epoch,395,7.061170339584351
epoch,396,7.080562114715576
epoch,397,7.093783140182495
epoch,398,7.111294984817505
epoch,399,7.131295442581177
