checktype,current_epoch,time_usage
epoch,0,1.288252592086792
epoch,1,1.3347678184509277
epoch,2,1.3847672939300537
epoch,3,1.4233067035675049
epoch,4,1.463308334350586
epoch,5,1.5033087730407715
epoch,6,1.5433082580566406
epoch,7,1.5836458206176758
epoch,8,1.6136481761932373
epoch,9,1.6536474227905273
epoch,10,1.6936476230621338
epoch,11,1.7336480617523193
epoch,12,1.7736477851867676
epoch,13,1.813647747039795
epoch,14,1.8536479473114014
epoch,15,1.903646469116211
epoch,16,1.9436473846435547
epoch,17,1.982259750366211
epoch,18,2.0222651958465576
epoch,19,2.0622658729553223
epoch,20,2.1022655963897705
epoch,21,2.148777961730957
epoch,22,2.188778877258301
epoch,23,2.2287793159484863
epoch,24,2.278778553009033
epoch,25,2.324789524078369
epoch,26,2.3647913932800293
epoch,27,2.404789447784424
epoch,28,2.454789161682129
epoch,29,2.4947903156280518
epoch,30,2.5347909927368164
epoch,31,2.5847902297973633
epoch,32,2.6247899532318115
epoch,33,2.6747889518737793
epoch,34,2.714789390563965
epoch,35,2.764789581298828
epoch,36,2.8048181533813477
epoch,37,2.85622239112854
epoch,38,2.897312641143799
epoch,39,2.947312116622925
epoch,40,2.9922428131103516
epoch,41,3.033693552017212
epoch,42,3.083693742752075
epoch,43,3.123694658279419
epoch,44,3.1697299480438232
epoch,45,3.2197365760803223
epoch,46,3.2697651386260986
epoch,47,3.3097362518310547
epoch,48,3.356276273727417
epoch,49,3.4063050746917725
epoch,50,3.4563050270080566
epoch,51,3.4962756633758545
epoch,52,3.5462756156921387
epoch,53,3.5962767601013184
epoch,54,3.646275520324707
epoch,55,3.686275005340576
epoch,56,3.736276149749756
epoch,57,3.786275863647461
epoch,58,3.836306095123291
epoch,59,3.886305093765259
epoch,60,3.9362759590148926
epoch,61,3.9774696826934814
epoch,62,4.033477544784546
epoch,63,4.0834832191467285
epoch,64,4.1334803104400635
epoch,65,4.1800217628479
epoch,66,4.230029106140137
epoch,67,4.2800211906433105
epoch,68,4.331369161605835
epoch,69,4.377377271652222
epoch,70,4.427349090576172
epoch,71,4.481492519378662
epoch,72,4.534537315368652
epoch,73,4.584571838378906
epoch,74,4.634570598602295
epoch,75,4.684570074081421
epoch,76,4.73456883430481
epoch,77,4.784567594528198
epoch,78,4.8345677852630615
epoch,79,4.894538402557373
epoch,80,4.944567918777466
epoch,81,4.992473602294922
epoch,82,5.042473554611206
epoch,83,5.10244345664978
epoch,84,5.1485435962677
epoch,85,5.198545455932617
epoch,86,5.258514404296875
epoch,87,5.305057764053345
epoch,88,5.364532470703125
epoch,89,5.414563894271851
epoch,90,5.474532842636108
epoch,91,5.524569511413574
epoch,92,5.57456636428833
epoch,93,5.634532690048218
epoch,94,5.684564590454102
epoch,95,5.744532585144043
epoch,96,5.794563055038452
epoch,97,5.854532480239868
epoch,98,5.90456223487854
epoch,99,5.964532852172852
epoch,100,6.013765573501587
epoch,101,6.075975656509399
epoch,102,6.127460718154907
epoch,103,6.1874308586120605
epoch,104,6.237466096878052
epoch,105,6.293532133102417
epoch,106,6.353502035140991
epoch,107,6.413502216339111
epoch,108,6.470073461532593
epoch,109,6.520073175430298
epoch,110,6.580289840698242
epoch,111,6.640290260314941
epoch,112,6.690319538116455
epoch,113,6.750290155410767
epoch,114,6.810290098190308
epoch,115,6.870290279388428
epoch,116,6.920290231704712
epoch,117,6.980290412902832
epoch,118,7.0404815673828125
epoch,119,7.1004815101623535
epoch,120,7.157491683959961
epoch,121,7.21752142906189
epoch,122,7.273561954498291
epoch,123,7.333562135696411
epoch,124,7.393561840057373
epoch,125,7.449636220932007
epoch,126,7.509636402130127
epoch,127,7.569636106491089
epoch,128,7.62963604927063
epoch,129,7.6874165534973145
epoch,130,7.745628118515015
epoch,131,7.805629014968872
epoch,132,7.875293493270874
epoch,133,7.95523738861084
epoch,134,8.016302585601807
epoch,135,8.069920778274536
epoch,136,8.137935638427734
epoch,137,8.197935342788696
epoch,138,8.257935047149658
epoch,139,8.315005540847778
epoch,140,8.385004997253418
epoch,141,8.445005178451538
epoch,142,8.501015424728394
epoch,143,8.561015605926514
epoch,144,8.631014823913574
epoch,145,8.691015481948853
epoch,146,8.751015424728394
epoch,147,8.811015367507935
epoch,148,8.881015062332153
epoch,149,8.941015481948853
epoch,150,9.001015424728394
epoch,151,9.061015367507935
epoch,152,9.133939981460571
epoch,153,9.188450336456299
epoch,154,9.252562761306763
epoch,155,9.325872659683228
epoch,156,9.385878086090088
epoch,157,9.445878028869629
epoch,158,9.512447834014893
epoch,159,9.582447052001953
epoch,160,9.642447710037231
epoch,161,9.702447891235352
epoch,162,9.772447347640991
epoch,163,9.83244776725769
epoch,164,9.902447938919067
epoch,165,9.972447395324707
epoch,166,10.032447576522827
epoch,167,10.102447509765625
epoch,168,10.168467283248901
epoch,169,10.228467464447021
epoch,170,10.294971466064453
epoch,171,10.36423397064209
epoch,172,10.434233903884888
epoch,173,10.501310586929321
epoch,174,10.561310768127441
epoch,175,10.63131046295166
epoch,176,10.7013099193573
epoch,177,10.771310329437256
epoch,178,10.830566883087158
epoch,179,10.900566101074219
epoch,180,10.968763589859009
epoch,181,11.03876280784607
epoch,182,11.108765125274658
epoch,183,11.179848670959473
epoch,184,11.249850034713745
epoch,185,11.309851169586182
epoch,186,11.386391639709473
epoch,187,11.4563627243042
epoch,188,11.522409439086914
epoch,189,11.58674931526184
epoch,190,11.656749248504639
epoch,191,11.726746797561646
epoch,192,11.796720027923584
epoch,193,11.866749048233032
epoch,194,11.936720609664917
epoch,195,12.006749153137207
epoch,196,12.086749792098999
epoch,197,12.15697693824768
epoch,198,12.226981163024902
epoch,199,12.293490648269653
