checktype,current_epoch,time_usage
epoch,0,0.7456421852111816
epoch,1,0.7509844303131104
epoch,2,0.7570374011993408
epoch,3,0.7629635334014893
epoch,4,0.7679686546325684
epoch,5,0.7729711532592773
epoch,6,0.7789709568023682
epoch,7,0.7839682102203369
epoch,8,0.7889711856842041
epoch,9,0.7950403690338135
epoch,10,0.8000411987304688
epoch,11,0.8060402870178223
epoch,12,0.8110401630401611
epoch,13,0.8160426616668701
epoch,14,0.8220415115356445
epoch,15,0.8271253108978271
epoch,16,0.8331243991851807
epoch,17,0.8381242752075195
epoch,18,0.8431272506713867
epoch,19,0.848125696182251
epoch,20,0.8541243076324463
epoch,21,0.8591794967651367
epoch,22,0.8641793727874756
epoch,23,0.8701775074005127
epoch,24,0.8761768341064453
epoch,25,0.8821794986724854
epoch,26,0.8881778717041016
epoch,27,0.8942406177520752
epoch,28,0.9002413749694824
epoch,29,0.9062392711639404
epoch,30,0.9122388362884521
epoch,31,0.9182388782501221
epoch,32,0.9242954254150391
epoch,33,0.9302973747253418
epoch,34,0.9352948665618896
epoch,35,0.9412975311279297
epoch,36,0.9472980499267578
epoch,37,0.9533975124359131
epoch,38,0.9594540596008301
epoch,39,0.964454174041748
epoch,40,0.9704563617706299
epoch,41,0.9764542579650879
epoch,42,0.9824566841125488
epoch,43,0.9885103702545166
epoch,44,0.9935088157653809
epoch,45,0.9995098114013672
epoch,46,1.0055088996887207
epoch,47,1.0115089416503906
epoch,48,1.0175106525421143
epoch,49,1.0235636234283447
epoch,50,1.0295650959014893
epoch,51,1.0355634689331055
epoch,52,1.0415637493133545
epoch,53,1.0475635528564453
epoch,54,1.0536208152770996
epoch,55,1.059621810913086
epoch,56,1.0656228065490723
epoch,57,1.0716207027435303
epoch,58,1.0776214599609375
epoch,59,1.0846223831176758
epoch,60,1.0906789302825928
epoch,61,1.096677541732788
epoch,62,1.103677749633789
epoch,63,1.1096785068511963
epoch,64,1.1166787147521973
epoch,65,1.122741460800171
epoch,66,1.1307415962219238
epoch,67,1.1377410888671875
epoch,68,1.1437418460845947
epoch,69,1.149740219116211
epoch,70,1.1568121910095215
epoch,71,1.1638128757476807
epoch,72,1.1708123683929443
epoch,73,1.1778125762939453
epoch,74,1.1838123798370361
epoch,75,1.1903893947601318
epoch,76,1.1973867416381836
epoch,77,1.2033891677856445
epoch,78,1.2103865146636963
epoch,79,1.2163865566253662
epoch,80,1.2234525680541992
epoch,81,1.2304532527923584
epoch,82,1.236452579498291
epoch,83,1.2434542179107666
epoch,84,1.249453067779541
epoch,85,1.2565033435821533
epoch,86,1.2635035514831543
epoch,87,1.2695043087005615
epoch,88,1.276503324508667
epoch,89,1.2835032939910889
epoch,90,1.29056978225708
epoch,91,1.2965683937072754
epoch,92,1.30357027053833
epoch,93,1.3105688095092773
epoch,94,1.3176233768463135
epoch,95,1.324622631072998
epoch,96,1.3316237926483154
epoch,97,1.3386242389678955
epoch,98,1.3456239700317383
epoch,99,1.3526742458343506
epoch,100,1.3596749305725098
epoch,101,1.3666753768920898
epoch,102,1.3736741542816162
epoch,103,1.3806755542755127
epoch,104,1.3877296447753906
epoch,105,1.3947300910949707
epoch,106,1.4017305374145508
epoch,107,1.4097316265106201
epoch,108,1.416783332824707
epoch,109,1.4237825870513916
epoch,110,1.4307827949523926
epoch,111,1.4377832412719727
epoch,112,1.4447836875915527
epoch,113,1.4498071670532227
epoch,114,1.459808349609375
epoch,115,1.4673140048980713
epoch,116,1.4673140048980713
epoch,117,1.4773204326629639
epoch,118,1.4873201847076416
epoch,119,1.4873201847076416
epoch,120,1.4973206520080566
epoch,121,1.5073223114013672
epoch,122,1.5173208713531494
epoch,123,1.5262138843536377
epoch,124,1.5336697101593018
epoch,125,1.541670322418213
epoch,126,1.5486688613891602
epoch,127,1.5567362308502197
epoch,128,1.5637352466583252
epoch,129,1.5717368125915527
epoch,130,1.580735445022583
epoch,131,1.5877940654754639
epoch,132,1.5967919826507568
epoch,133,1.6047909259796143
epoch,134,1.6117918491363525
epoch,135,1.619852066040039
epoch,136,1.6278529167175293
epoch,137,1.6358528137207031
epoch,138,1.6438517570495605
epoch,139,1.6519062519073486
epoch,140,1.6599068641662598
epoch,141,1.6679060459136963
epoch,142,1.676905870437622
epoch,143,1.684929370880127
epoch,144,1.6919665336608887
epoch,145,1.6999659538269043
epoch,146,1.7079665660858154
epoch,147,1.7159662246704102
epoch,148,1.7240419387817383
epoch,149,1.7330427169799805
epoch,150,1.741042137145996
epoch,151,1.7500426769256592
epoch,152,1.7581238746643066
epoch,153,1.7661232948303223
epoch,154,1.775123119354248
epoch,155,1.78312349319458
epoch,156,1.7841742038726807
epoch,157,1.7941763401031494
epoch,158,1.8083767890930176
epoch,159,1.8173773288726807
epoch,160,1.825376272201538
epoch,161,1.834376335144043
epoch,162,1.8423774242401123
epoch,163,1.8513774871826172
epoch,164,1.8603761196136475
epoch,165,1.8683760166168213
epoch,166,1.8774664402008057
epoch,167,1.8854658603668213
epoch,168,1.8954668045043945
epoch,169,1.903465747833252
epoch,170,1.9125521183013916
epoch,171,1.9205522537231445
epoch,172,1.9295539855957031
epoch,173,1.9385526180267334
epoch,174,1.9476354122161865
epoch,175,1.9556355476379395
epoch,176,1.9642956256866455
epoch,177,1.9732294082641602
epoch,178,1.9822289943695068
epoch,179,1.9912292957305908
epoch,180,2.000229597091675
epoch,181,2.0092813968658447
epoch,182,2.018280506134033
epoch,183,2.027279853820801
epoch,184,2.0363106727600098
epoch,185,2.04537034034729
epoch,186,2.0543713569641113
epoch,187,2.0644049644470215
epoch,188,2.073242425918579
epoch,189,2.083244800567627
epoch,190,2.0922834873199463
epoch,191,2.1012802124023438
epoch,192,2.1105170249938965
epoch,193,2.1198816299438477
epoch,194,2.129916191101074
epoch,195,2.1389048099517822
epoch,196,2.1479761600494385
epoch,197,2.157984972000122
epoch,198,2.167149066925049
epoch,199,2.1762301921844482
epoch,200,2.1859195232391357
epoch,201,2.195411205291748
epoch,202,2.205444812774658
epoch,203,2.215208053588867
epoch,204,2.224243640899658
epoch,205,2.233257532119751
epoch,206,2.243112802505493
epoch,207,2.2531442642211914
epoch,208,2.262066602706909
epoch,209,2.272243022918701
epoch,210,2.281212568283081
epoch,211,2.291361093521118
epoch,212,2.300471067428589
epoch,213,2.3105056285858154
epoch,214,2.3195059299468994
epoch,215,2.329509973526001
epoch,216,2.339622974395752
epoch,217,2.3486244678497314
epoch,218,2.358398199081421
epoch,219,2.369473934173584
epoch,220,2.3785057067871094
epoch,221,2.3891048431396484
epoch,222,2.3991918563842773
epoch,223,2.4082298278808594
epoch,224,2.4182138442993164
epoch,225,2.428213357925415
epoch,226,2.4390273094177246
epoch,227,2.4490272998809814
epoch,228,2.458858013153076
epoch,229,2.4689111709594727
epoch,230,2.4795522689819336
epoch,231,2.4895575046539307
epoch,232,2.499627113342285
epoch,233,2.5097315311431885
epoch,234,2.5204720497131348
epoch,235,2.5304770469665527
epoch,236,2.5406415462493896
epoch,237,2.5516059398651123
epoch,238,2.5616064071655273
epoch,239,2.5716359615325928
epoch,240,2.581636905670166
epoch,241,2.592214822769165
epoch,242,2.603214740753174
epoch,243,2.613248825073242
epoch,244,2.6242542266845703
epoch,245,2.634408950805664
epoch,246,2.6455001831054688
epoch,247,2.6558477878570557
epoch,248,2.665863513946533
epoch,249,2.6758971214294434
epoch,250,2.686250686645508
epoch,251,2.6972715854644775
epoch,252,2.7077205181121826
epoch,253,2.7187254428863525
epoch,254,2.728875160217285
epoch,255,2.739964723587036
epoch,256,2.7506940364837646
epoch,257,2.760775566101074
epoch,258,2.7710607051849365
epoch,259,2.782707452774048
epoch,260,2.7927064895629883
epoch,261,2.80348539352417
epoch,262,2.814394235610962
epoch,263,2.8253939151763916
epoch,264,2.835524797439575
epoch,265,2.8463878631591797
epoch,266,2.857357978820801
epoch,267,2.868396759033203
epoch,268,2.880035638809204
epoch,269,2.8908398151397705
epoch,270,2.901879072189331
epoch,271,2.9128785133361816
epoch,272,2.9244167804718018
epoch,273,2.935455560684204
epoch,274,2.9464550018310547
epoch,275,2.957379102706909
epoch,276,2.968380928039551
epoch,277,2.9795095920562744
epoch,278,2.991149425506592
epoch,279,3.0021865367889404
epoch,280,3.014185905456543
epoch,281,3.025237560272217
epoch,282,3.0364763736724854
epoch,283,3.0475127696990967
epoch,284,3.058927297592163
epoch,285,3.0699281692504883
epoch,286,3.080928087234497
epoch,287,3.09281587600708
epoch,288,3.1057348251342773
epoch,289,3.1167354583740234
epoch,290,3.1278438568115234
epoch,291,3.140842914581299
epoch,292,3.152818441390991
epoch,293,3.1645634174346924
epoch,294,3.1755378246307373
epoch,295,3.187623977661133
epoch,296,3.198622226715088
epoch,297,3.2105302810668945
epoch,298,3.2213408946990967
epoch,299,3.2333407402038574
