checktype,current_epoch,time_usage
epoch,0,0.6343541145324707
epoch,1,0.6503324508666992
epoch,2,0.6503324508666992
epoch,3,0.6657283306121826
epoch,4,0.6679491996765137
epoch,5,0.6779499053955078
epoch,6,0.6779499053955078
epoch,7,0.6879510879516602
epoch,8,0.6979503631591797
epoch,9,0.6979503631591797
epoch,10,0.7079501152038574
epoch,11,0.7179508209228516
epoch,12,0.7179508209228516
epoch,13,0.7279517650604248
epoch,14,0.737950325012207
epoch,15,0.7439553737640381
epoch,16,0.7539622783660889
epoch,17,0.7539622783660889
epoch,18,0.7639615535736084
epoch,19,0.7739624977111816
epoch,20,0.7839620113372803
epoch,21,0.7839620113372803
epoch,22,0.793961763381958
epoch,23,0.8039617538452148
epoch,24,0.8039617538452148
epoch,25,0.8139610290527344
epoch,26,0.8239624500274658
epoch,27,0.8239624500274658
epoch,28,0.8339622020721436
epoch,29,0.843961238861084
epoch,30,0.8539619445800781
epoch,31,0.8539619445800781
epoch,32,0.8639621734619141
epoch,33,0.8739614486694336
epoch,34,0.8739614486694336
epoch,35,0.8839619159698486
epoch,36,0.8939616680145264
epoch,37,0.9004671573638916
epoch,38,0.9104740619659424
epoch,39,0.9104740619659424
epoch,40,0.9204730987548828
epoch,41,0.9304733276367188
epoch,42,0.9404730796813965
epoch,43,0.9404730796813965
epoch,44,0.9504740238189697
epoch,45,0.9604732990264893
epoch,46,0.9704737663269043
epoch,47,0.9704737663269043
epoch,48,0.9804749488830566
epoch,49,0.9904735088348389
epoch,50,1.0004734992980957
epoch,51,1.0004734992980957
epoch,52,1.0104739665985107
epoch,53,1.0204734802246094
epoch,54,1.0304737091064453
epoch,55,1.040473461151123
epoch,56,1.040473461151123
epoch,57,1.0504732131958008
epoch,58,1.0604729652404785
epoch,59,1.0704731941223145
epoch,60,1.0704731941223145
epoch,61,1.0804738998413086
epoch,62,1.0904741287231445
epoch,63,1.1004736423492432
epoch,64,1.1104731559753418
epoch,65,1.1104731559753418
epoch,66,1.1204731464385986
epoch,67,1.1304731369018555
epoch,68,1.1404743194580078
epoch,69,1.1504743099212646
epoch,70,1.160473346710205
epoch,71,1.160473346710205
epoch,72,1.1704740524291992
epoch,73,1.1804745197296143
epoch,74,1.190474033355713
epoch,75,1.2004730701446533
epoch,76,1.2104740142822266
epoch,77,1.220472812652588
epoch,78,1.220472812652588
epoch,79,1.2304754257202148
epoch,80,1.2404730319976807
epoch,81,1.2504734992980957
epoch,82,1.2604732513427734
epoch,83,1.2704730033874512
epoch,84,1.2804734706878662
epoch,85,1.2804734706878662
epoch,86,1.2904736995697021
epoch,87,1.300497055053711
epoch,88,1.310473918914795
epoch,89,1.320502758026123
epoch,90,1.3305034637451172
epoch,91,1.3404736518859863
epoch,92,1.3505029678344727
epoch,93,1.360473871231079
epoch,94,1.3704736232757568
epoch,95,1.3804736137390137
epoch,96,1.3904731273651123
epoch,97,1.3904731273651123
epoch,98,1.4004740715026855
epoch,99,1.410475730895996
epoch,100,1.4204740524291992
epoch,101,1.4304733276367188
epoch,102,1.440504550933838
epoch,103,1.4504740238189697
epoch,104,1.4604732990264893
epoch,105,1.4711174964904785
epoch,106,1.4811537265777588
epoch,107,1.491124153137207
epoch,108,1.5027000904083252
epoch,109,1.5127015113830566
epoch,110,1.5227015018463135
epoch,111,1.5327017307281494
epoch,112,1.5427019596099854
epoch,113,1.552701473236084
epoch,114,1.5627007484436035
epoch,115,1.5727014541625977
epoch,116,1.582730770111084
epoch,117,1.5927014350891113
epoch,118,1.602701187133789
epoch,119,1.612701654434204
epoch,120,1.6192080974578857
epoch,121,1.6292150020599365
epoch,122,1.6392147541046143
epoch,123,1.649214506149292
epoch,124,1.6592144966125488
epoch,125,1.6692149639129639
epoch,126,1.6792140007019043
epoch,127,1.6892144680023193
epoch,128,1.6992146968841553
epoch,129,1.709214210510254
epoch,130,1.7192151546478271
epoch,131,1.7292492389678955
epoch,132,1.7492141723632812
epoch,133,1.7592148780822754
epoch,134,1.7625880241394043
epoch,135,1.7725944519042969
epoch,136,1.7925951480865479
epoch,137,1.8025965690612793
epoch,138,1.8125948905944824
epoch,139,1.8225953578948975
epoch,140,1.832594871520996
epoch,141,1.842594861984253
epoch,142,1.8525948524475098
epoch,143,1.8625948429107666
epoch,144,1.8791062831878662
epoch,145,1.8891055583953857
epoch,146,1.8991057872772217
epoch,147,1.9091055393218994
epoch,148,1.919104814529419
epoch,149,1.9291050434112549
epoch,150,1.93910551071167
epoch,151,1.949106216430664
epoch,152,1.9691343307495117
epoch,153,1.9791340827941895
epoch,154,1.9891057014465332
epoch,155,1.99910569190979
epoch,156,2.009105682373047
epoch,157,2.0191054344177246
epoch,158,2.0291056632995605
epoch,159,2.049105644226074
epoch,160,2.059105396270752
epoch,161,2.069135904312134
epoch,162,2.0791051387786865
epoch,163,2.0891058444976807
epoch,164,2.0991053581237793
epoch,165,2.119105815887451
epoch,166,2.129105567932129
epoch,167,2.139105796813965
epoch,168,2.1491341590881348
epoch,169,2.159123420715332
epoch,170,2.169135570526123
epoch,171,2.189134359359741
epoch,172,2.199105739593506
epoch,173,2.2091050148010254
epoch,174,2.2191050052642822
epoch,175,2.2291054725646973
epoch,176,2.24910569190979
epoch,177,2.2612504959106445
epoch,178,2.273463010787964
epoch,179,2.2834625244140625
epoch,180,2.297724962234497
epoch,181,2.309788703918457
epoch,182,2.3128769397735596
epoch,183,2.3328778743743896
epoch,184,2.342907190322876
epoch,185,2.3528802394866943
epoch,186,2.362877130508423
epoch,187,2.382878541946411
epoch,188,2.3928775787353516
epoch,189,2.4028773307800293
epoch,190,2.412877321243286
epoch,191,2.4329066276550293
epoch,192,2.442877769470215
epoch,193,2.4528775215148926
epoch,194,2.462877035140991
epoch,195,2.483537435531616
epoch,196,2.4935030937194824
epoch,197,2.5035009384155273
epoch,198,2.513500928878784
epoch,199,2.5335309505462646
epoch,200,2.5435030460357666
epoch,201,2.5535030364990234
epoch,202,2.5635008811950684
epoch,203,2.5835301876068115
epoch,204,2.593500852584839
epoch,205,2.6035006046295166
epoch,206,2.623502016067505
epoch,207,2.6275827884674072
epoch,208,2.6475884914398193
epoch,209,2.6576194763183594
epoch,210,2.667618989944458
epoch,211,2.6875903606414795
epoch,212,2.697626829147339
epoch,213,2.7075891494750977
epoch,214,2.7275893688201904
epoch,215,2.737589120864868
epoch,216,2.754101037979126
epoch,217,2.764101505279541
epoch,218,2.7741012573242188
epoch,219,2.794100761413574
epoch,220,2.8041012287139893
epoch,221,2.814100503921509
epoch,222,2.8341007232666016
epoch,223,2.8441014289855957
epoch,224,2.8541014194488525
epoch,225,2.8741018772125244
epoch,226,2.884101390838623
epoch,227,2.900607109069824
epoch,228,2.9106132984161377
epoch,229,2.9306132793426514
epoch,230,2.940613269805908
epoch,231,2.9506137371063232
epoch,232,2.971391439437866
epoch,233,2.9813899993896484
epoch,234,2.9913904666900635
epoch,235,3.0113911628723145
epoch,236,3.021390914916992
epoch,237,3.041390895843506
epoch,238,3.0513906478881836
epoch,239,3.0703845024108887
epoch,240,3.080386161804199
epoch,241,3.090386390686035
epoch,242,3.110386371612549
epoch,243,3.1203863620758057
epoch,244,3.130385637283325
epoch,245,3.150386095046997
epoch,246,3.160386562347412
epoch,247,3.180386543273926
epoch,248,3.1903860569000244
epoch,249,3.2103865146636963
epoch,250,3.220386266708374
epoch,251,3.23038649559021
epoch,252,3.2503864765167236
epoch,253,3.260385751724243
epoch,254,3.280386447906494
epoch,255,3.2903857231140137
epoch,256,3.3103854656219482
epoch,257,3.3203864097595215
epoch,258,3.340416193008423
epoch,259,3.350386381149292
epoch,260,3.3603856563568115
epoch,261,3.380385398864746
epoch,262,3.3903863430023193
epoch,263,3.404106855392456
epoch,264,3.4241127967834473
epoch,265,3.4341132640838623
epoch,266,3.4541475772857666
epoch,267,3.4641146659851074
epoch,268,3.484335422515869
epoch,269,3.494335412979126
epoch,270,3.5143373012542725
epoch,271,3.5243358612060547
epoch,272,3.5443360805511475
epoch,273,3.554334878921509
epoch,274,3.5691964626312256
epoch,275,3.588027238845825
epoch,276,3.608062505722046
epoch,277,3.618034601211548
epoch,278,3.6380341053009033
epoch,279,3.648033618927002
epoch,280,3.668034076690674
epoch,281,3.6780340671539307
epoch,282,3.6980621814727783
epoch,283,3.708033800125122
epoch,284,3.728034019470215
epoch,285,3.744039297103882
epoch,286,3.754045009613037
epoch,287,3.7744364738464355
epoch,288,3.784435510635376
epoch,289,3.804436445236206
epoch,290,3.814436197280884
epoch,291,3.8344357013702393
epoch,292,3.852503776550293
epoch,293,3.864717483520508
epoch,294,3.874746799468994
epoch,295,3.894716739654541
epoch,296,3.9147462844848633
epoch,297,3.9247167110443115
epoch,298,3.94172739982605
epoch,299,3.961728572845459
