checktype,current_epoch,time_usage
epoch,0,0.7453553676605225
epoch,1,0.7653262615203857
epoch,2,0.7853267192840576
epoch,3,0.8053269386291504
epoch,4,0.8153266906738281
epoch,5,0.8379731178283691
epoch,6,0.8494374752044678
epoch,7,0.8694398403167725
epoch,8,0.8794386386871338
epoch,9,0.8994379043579102
epoch,10,0.9094388484954834
epoch,11,0.9294390678405762
epoch,12,0.9494385719299316
epoch,13,0.9594392776489258
epoch,14,0.9794390201568604
epoch,15,0.9894387722015381
epoch,16,1.0105454921722412
epoch,17,1.020545244216919
epoch,18,1.0405445098876953
epoch,19,1.057051420211792
epoch,20,1.0670580863952637
epoch,21,1.0870580673217773
epoch,22,1.107058048248291
epoch,23,1.1170580387115479
epoch,24,1.1370580196380615
epoch,25,1.1570587158203125
epoch,26,1.1670575141906738
epoch,27,1.1870570182800293
epoch,28,1.2070577144622803
epoch,29,1.2230710983276367
epoch,30,1.2330725193023682
epoch,31,1.2530708312988281
epoch,32,1.2730717658996582
epoch,33,1.2930715084075928
epoch,34,1.3030712604522705
epoch,35,1.3230719566345215
epoch,36,1.3430709838867188
epoch,37,1.3630702495574951
epoch,38,1.3796112537384033
epoch,39,1.3896121978759766
epoch,40,1.4096121788024902
epoch,41,1.429612636566162
epoch,42,1.4496123790740967
epoch,43,1.4696130752563477
epoch,44,1.4896118640899658
epoch,45,1.509612798690796
epoch,46,1.5256173610687256
epoch,47,1.5456242561340332
epoch,48,1.5656235218048096
epoch,49,1.5756254196166992
epoch,50,1.5956239700317383
epoch,51,1.6156246662139893
epoch,52,1.6356632709503174
epoch,53,1.655623197555542
epoch,54,1.6821279525756836
epoch,55,1.7021353244781494
epoch,56,1.7221343517303467
epoch,57,1.7321360111236572
epoch,58,1.7543919086456299
epoch,59,1.7743916511535645
epoch,60,1.7943928241729736
epoch,61,1.81439208984375
epoch,62,1.8443937301635742
epoch,63,1.8643913269042969
epoch,64,1.8843915462493896
epoch,65,1.9008972644805908
epoch,66,1.9209051132202148
epoch,67,1.9409046173095703
epoch,68,1.9629600048065186
epoch,69,1.987187147140503
epoch,70,2.004699230194092
epoch,71,2.025784492492676
epoch,72,2.0457911491394043
epoch,73,2.065790891647339
epoch,74,2.0857930183410645
epoch,75,2.115791082382202
epoch,76,2.135791778564453
epoch,77,2.1557908058166504
epoch,78,2.175791025161743
epoch,79,2.201803684234619
epoch,80,2.2218034267425537
epoch,81,2.2418036460876465
epoch,82,2.263871669769287
epoch,83,2.2838711738586426
epoch,84,2.3138723373413086
epoch,85,2.333871364593506
epoch,86,2.3538715839385986
epoch,87,2.373871088027954
epoch,88,2.400876045227051
epoch,89,2.4208827018737793
epoch,90,2.4519519805908203
epoch,91,2.473187208175659
epoch,92,2.4931862354278564
epoch,93,2.513186454772949
epoch,94,2.543186664581299
epoch,95,2.5631866455078125
epoch,96,2.593214511871338
epoch,97,2.613186836242676
epoch,98,2.6396992206573486
epoch,99,2.6596992015838623
epoch,100,2.679699182510376
epoch,101,2.7096991539001465
epoch,102,2.7296993732452393
epoch,103,2.749699354171753
epoch,104,2.7757039070129395
epoch,105,2.805739402770996
epoch,106,2.825711488723755
epoch,107,2.8457114696502686
epoch,108,2.87571120262146
epoch,109,2.8957114219665527
epoch,110,2.9257113933563232
epoch,111,2.9517228603363037
epoch,112,2.9717226028442383
epoch,113,3.001723051071167
epoch,114,3.0217244625091553
epoch,115,3.0524182319641113
epoch,116,3.0723862648010254
epoch,117,3.102385997772217
epoch,118,3.1293976306915283
epoch,119,3.1493985652923584
epoch,120,3.179426431655884
epoch,121,3.1993980407714844
epoch,122,3.2246100902557373
epoch,123,3.254331588745117
epoch,124,3.2743022441864014
epoch,125,3.3043315410614014
epoch,126,3.324303150177002
epoch,127,3.354302406311035
epoch,128,3.384305000305176
epoch,129,3.4108426570892334
epoch,130,3.4308135509490967
epoch,131,3.4608428478240967
epoch,132,3.490844249725342
epoch,133,3.5108132362365723
epoch,134,3.5408425331115723
epoch,135,3.570845127105713
epoch,136,3.5908138751983643
epoch,137,3.620842456817627
epoch,138,3.6508421897888184
epoch,139,3.680842876434326
epoch,140,3.7008135318756104
epoch,141,3.7308132648468018
epoch,142,3.7608466148376465
epoch,143,3.7908458709716797
epoch,144,3.818573236465454
epoch,145,3.838574171066284
epoch,146,3.8686022758483887
epoch,147,3.8986029624938965
epoch,148,3.928574800491333
epoch,149,3.9586002826690674
epoch,150,3.978574514389038
epoch,151,4.008573293685913
epoch,152,4.039286375045776
epoch,153,4.066832065582275
epoch,154,4.1000895500183105
epoch,155,4.119595527648926
epoch,156,4.149601459503174
epoch,157,4.181776762008667
epoch,158,4.2117815017700195
epoch,159,4.241753816604614
epoch,160,4.26175332069397
epoch,161,4.291784286499023
epoch,162,4.32177996635437
epoch,163,4.348294496536255
epoch,164,4.3782641887664795
epoch,165,4.408264398574829
epoch,166,4.438265323638916
epoch,167,4.46826434135437
epoch,168,4.504308700561523
epoch,169,4.534313201904297
epoch,170,4.56428074836731
epoch,171,4.594308614730835
epoch,172,4.614279508590698
epoch,173,4.644279718399048
epoch,174,4.684309720993042
epoch,175,4.70427942276001
epoch,176,4.744317293167114
epoch,177,4.774308443069458
epoch,178,4.804280757904053
epoch,179,4.834309816360474
epoch,180,4.864309549331665
epoch,181,4.894309043884277
epoch,182,4.924314260482788
epoch,183,4.9543139934539795
epoch,184,4.98430609703064
epoch,185,5.014309883117676
epoch,186,5.045302152633667
epoch,187,5.075013637542725
epoch,188,5.105010271072388
epoch,189,5.145013332366943
epoch,190,5.175013065338135
epoch,191,5.202026844024658
epoch,192,5.232056140899658
epoch,193,5.272052049636841
epoch,194,5.30205512046814
epoch,195,5.332026720046997
epoch,196,5.361800670623779
epoch,197,5.399338245391846
epoch,198,5.429367303848267
epoch,199,5.459367275238037
epoch,200,5.4893670082092285
epoch,201,5.529337644577026
epoch,202,5.559337377548218
epoch,203,5.58936882019043
epoch,204,5.6193718910217285
epoch,205,5.659337759017944
epoch,206,5.69257116317749
epoch,207,5.729099273681641
epoch,208,5.759124994277954
epoch,209,5.799127817153931
epoch,210,5.829095363616943
epoch,211,5.859124422073364
epoch,212,5.8991217613220215
epoch,213,5.929128646850586
epoch,214,5.959124565124512
epoch,215,5.999125242233276
epoch,216,6.0291266441345215
epoch,217,6.067057371139526
epoch,218,6.097052574157715
epoch,219,6.137054920196533
epoch,220,6.16705584526062
epoch,221,6.197027683258057
epoch,222,6.233068466186523
epoch,223,6.273068428039551
epoch,224,6.303068399429321
epoch,225,6.343039512634277
epoch,226,6.379612445831299
epoch,227,6.4096081256866455
epoch,228,6.439608335494995
epoch,229,6.47960901260376
epoch,230,6.5095813274383545
epoch,231,6.549608469009399
epoch,232,6.57957911491394
epoch,233,6.619608402252197
epoch,234,6.659608602523804
epoch,235,6.689610719680786
epoch,236,6.729609251022339
epoch,237,6.759608745574951
epoch,238,6.7996087074279785
epoch,239,6.829609155654907
epoch,240,6.869608402252197
epoch,241,6.909646987915039
epoch,242,6.939680099487305
epoch,243,6.979076147079468
epoch,244,7.0090765953063965
epoch,245,7.049074411392212
epoch,246,7.088208198547363
epoch,247,7.128244400024414
epoch,248,7.1582441329956055
epoch,249,7.1982433795928955
epoch,250,7.238243818283081
epoch,251,7.274287700653076
epoch,252,7.30699610710144
epoch,253,7.347000360488892
epoch,254,7.387000322341919
epoch,255,7.4170331954956055
epoch,256,7.463003396987915
epoch,257,7.493036985397339
epoch,258,7.533007621765137
epoch,259,7.573007583618164
epoch,260,7.6130077838897705
epoch,261,7.64303731918335
epoch,262,7.683007478713989
epoch,263,7.723007917404175
epoch,264,7.763007640838623
epoch,265,7.80300760269165
epoch,266,7.843007564544678
epoch,267,7.883008003234863
epoch,268,7.913007736206055
epoch,269,7.95300817489624
epoch,270,7.993007659912109
epoch,271,8.033007860183716
epoch,272,8.074148893356323
epoch,273,8.104154109954834
epoch,274,8.148472309112549
epoch,275,8.184721231460571
epoch,276,8.223437786102295
epoch,277,8.264355182647705
epoch,278,8.304355144500732
epoch,279,8.344355344772339
epoch,280,8.384355306625366
epoch,281,8.42092490196228
epoch,282,8.463440895080566
epoch,283,8.503475666046143
epoch,284,8.543476104736328
epoch,285,8.583477020263672
epoch,286,8.619511842727661
epoch,287,8.659547567367554
epoch,288,8.699550867080688
epoch,289,8.739546537399292
epoch,290,8.779547214508057
epoch,291,8.819546461105347
epoch,292,8.859547138214111
epoch,293,8.89954662322998
epoch,294,8.940090656280518
epoch,295,8.99009108543396
epoch,296,9.030090570449829
epoch,297,9.070091009140015
epoch,298,9.110090732574463
epoch,299,9.15009069442749
epoch,300,9.190093040466309
epoch,301,9.230303049087524
epoch,302,9.270305871963501
epoch,303,9.316876649856567
epoch,304,9.356876373291016
epoch,305,9.396876573562622
epoch,306,9.436877250671387
epoch,307,9.483447313308716
epoch,308,9.523446559906006
epoch,309,9.563446044921875
epoch,310,9.603452920913696
epoch,311,9.649492263793945
epoch,312,9.689490795135498
epoch,313,9.739491701126099
epoch,314,9.779491186141968
epoch,315,9.819493055343628
epoch,316,9.859498262405396
epoch,317,9.909491539001465
epoch,318,9.949490785598755
epoch,319,9.989493370056152
epoch,320,10.031579732894897
epoch,321,10.071581840515137
epoch,322,10.121583700180054
epoch,323,10.161580562591553
epoch,324,10.201552152633667
epoch,325,10.251753091812134
epoch,326,10.291723012924194
epoch,327,10.338290452957153
epoch,328,10.378325462341309
epoch,329,10.418325424194336
epoch,330,10.468325853347778
epoch,331,10.514398097991943
epoch,332,10.557193994522095
epoch,333,10.597236156463623
epoch,334,10.647229194641113
epoch,335,10.687229633331299
epoch,336,10.737228631973267
epoch,337,10.777228832244873
epoch,338,10.817228555679321
epoch,339,10.86722707748413
epoch,340,10.90722918510437
epoch,341,10.957228660583496
epoch,342,10.997233867645264
epoch,343,11.048856019973755
epoch,344,11.086938619613647
epoch,345,11.13693904876709
epoch,346,11.176938772201538
epoch,347,11.2232825756073
epoch,348,11.27332353591919
epoch,349,11.313318729400635
epoch,350,11.363314390182495
epoch,351,11.39938998222351
epoch,352,11.449389934539795
epoch,353,11.489389419555664
epoch,354,11.535961627960205
epoch,355,11.585268259048462
epoch,356,11.635268211364746
epoch,357,11.681802988052368
epoch,358,11.721838235855103
epoch,359,11.771837949752808
epoch,360,11.811838388442993
epoch,361,11.861841440200806
epoch,362,11.911834955215454
epoch,363,11.956191539764404
epoch,364,12.000524759292603
epoch,365,12.05052399635315
epoch,366,12.100523471832275
epoch,367,12.150527238845825
epoch,368,12.195543766021729
epoch,369,12.244232177734375
epoch,370,12.284266948699951
epoch,371,12.334267616271973
epoch,372,12.384268045425415
epoch,373,12.430843830108643
epoch,374,12.480814695358276
epoch,375,12.53084659576416
epoch,376,12.576913356781006
epoch,377,12.62691354751587
epoch,378,12.666918277740479
epoch,379,12.723483800888062
epoch,380,12.763484954833984
epoch,381,12.81348443031311
epoch,382,12.86345648765564
epoch,383,12.913456201553345
epoch,384,12.963456869125366
epoch,385,13.013456344604492
epoch,386,13.05345630645752
epoch,387,13.103456735610962
epoch,388,13.157705307006836
epoch,389,13.207733631134033
epoch,390,13.257001399993896
epoch,391,13.305540084838867
epoch,392,13.355542659759521
epoch,393,13.395541906356812
epoch,394,13.452085018157959
epoch,395,13.502084970474243
epoch,396,13.54208517074585
epoch,397,13.59809923171997
epoch,398,13.648099422454834
epoch,399,13.688099145889282
epoch,400,13.744606256484985
epoch,401,13.792112588882446
epoch,402,13.838122129440308
epoch,403,13.888129472732544
epoch,404,13.938129663467407
epoch,405,13.994635820388794
epoch,406,14.044644355773926
epoch,407,14.094643592834473
epoch,408,14.144643783569336
epoch,409,14.19464373588562
epoch,410,14.244394779205322
epoch,411,14.294402122497559
epoch,412,14.344401597976685
epoch,413,14.40090799331665
epoch,414,14.450915813446045
epoch,415,14.500915050506592
epoch,416,14.550915002822876
epoch,417,14.606931686401367
epoch,418,14.656930208206177
epoch,419,14.702028512954712
epoch,420,14.762028455734253
epoch,421,14.812028646469116
epoch,422,14.862029314041138
epoch,423,14.912028789520264
epoch,424,14.962028980255127
epoch,425,15.012028455734253
epoch,426,15.062029361724854
epoch,427,15.122028112411499
epoch,428,15.17202877998352
epoch,429,15.222028970718384
epoch,430,15.274271488189697
epoch,431,15.324272155761719
epoch,432,15.38427186012268
epoch,433,15.432120084762573
epoch,434,15.482129335403442
epoch,435,15.542129516601562
epoch,436,15.588136672973633
epoch,437,15.648143529891968
epoch,438,15.69814395904541
epoch,439,15.748144149780273
epoch,440,15.808144092559814
epoch,441,15.858144283294678
epoch,442,15.908143281936646
epoch,443,15.968143463134766
epoch,444,16.018144130706787
epoch,445,16.07814359664917
epoch,446,16.12814450263977
epoch,447,16.17814350128174
epoch,448,16.233668327331543
epoch,449,16.284873962402344
epoch,450,16.344873666763306
epoch,451,16.394872903823853
epoch,452,16.451889753341675
epoch,453,16.50188708305359
epoch,454,16.56188654899597
epoch,455,16.608400106430054
epoch,456,16.668400526046753
epoch,457,16.718400239944458
epoch,458,16.774412393569946
epoch,459,16.834412813186646
epoch,460,16.88441300392151
epoch,461,16.94092631340027
epoch,462,16.994423151016235
epoch,463,17.04815125465393
epoch,464,17.107167959213257
epoch,465,17.167195796966553
epoch,466,17.22183656692505
epoch,467,17.27304244041443
epoch,468,17.33304238319397
epoch,469,17.38958716392517
epoch,470,17.439587831497192
epoch,471,17.49459671974182
epoch,472,17.554630041122437
epoch,473,17.614604234695435
epoch,474,17.670673370361328
epoch,475,17.720645666122437
epoch,476,17.784302711486816
epoch,477,17.837090015411377
epoch,478,17.897090435028076
epoch,479,17.94709038734436
epoch,480,18.00310468673706
epoch,481,18.0631046295166
epoch,482,18.119611024856567
epoch,483,18.17961883544922
epoch,484,18.23701548576355
epoch,485,18.285701990127563
epoch,486,18.345702171325684
epoch,487,18.4057297706604
epoch,488,18.461772441864014
epoch,489,18.521772623062134
epoch,490,18.581772804260254
epoch,491,18.64040184020996
epoch,492,18.690404176712036
epoch,493,18.750404357910156
epoch,494,18.81040382385254
epoch,495,18.8704035282135
epoch,496,18.93040418624878
epoch,497,18.99040412902832
epoch,498,19.040403842926025
epoch,499,19.100403547286987
