checktype,current_epoch,time_usage
epoch,0,0.5731794834136963
epoch,1,0.6031861305236816
epoch,2,0.633185625076294
epoch,3,0.6631863117218018
epoch,4,0.6831865310668945
epoch,5,0.713186502456665
epoch,6,0.7391979694366455
epoch,7,0.759197473526001
epoch,8,0.7891979217529297
epoch,9,0.8191986083984375
epoch,10,0.8391985893249512
epoch,11,0.8691980838775635
epoch,12,0.8957090377807617
epoch,13,0.9257092475891113
epoch,14,0.9457085132598877
epoch,15,0.9757094383239746
epoch,16,1.0057101249694824
epoch,17,1.0357091426849365
epoch,18,1.0657093524932861
epoch,19,1.0857090950012207
epoch,20,1.1157090663909912
epoch,21,1.1457087993621826
epoch,22,1.175708532333374
epoch,23,1.2057085037231445
epoch,24,1.2357096672058105
epoch,25,1.2657084465026855
epoch,26,1.295710563659668
epoch,27,1.3257384300231934
epoch,28,1.3557097911834717
epoch,29,1.3857088088989258
epoch,30,1.4157094955444336
epoch,31,1.4457087516784668
epoch,32,1.4757094383239746
epoch,33,1.505709171295166
epoch,34,1.5357096195220947
epoch,35,1.5663208961486816
epoch,36,1.602832317352295
epoch,37,1.6328320503234863
epoch,38,1.6628336906433105
epoch,39,1.691873550415039
epoch,40,1.7293496131896973
epoch,41,1.759359359741211
epoch,42,1.7893567085266113
epoch,43,1.8193559646606445
epoch,44,1.8602089881896973
epoch,45,1.8901786804199219
epoch,46,1.9266893863677979
epoch,47,1.9566903114318848
epoch,48,1.9866905212402344
epoch,49,2.0266902446746826
epoch,50,2.056690216064453
epoch,51,2.0966899394989014
epoch,52,2.1267201900482178
epoch,53,2.15671968460083
epoch,54,2.196690082550049
epoch,55,2.2266900539398193
epoch,56,2.266690254211426
epoch,57,2.2967190742492676
epoch,58,2.3366904258728027
epoch,59,2.366689920425415
epoch,60,2.4067203998565674
epoch,61,2.43669056892395
epoch,62,2.476689577102661
epoch,63,2.5167198181152344
epoch,64,2.5467207431793213
epoch,65,2.5830209255218506
epoch,66,2.6230218410491943
epoch,67,2.6630208492279053
epoch,68,2.6930508613586426
epoch,69,2.7295279502868652
epoch,70,2.7695651054382324
epoch,71,2.8095333576202393
epoch,72,2.8495638370513916
epoch,73,2.8855700492858887
epoch,74,2.915576219558716
epoch,75,2.95560622215271
epoch,76,2.995577096939087
epoch,77,3.0356061458587646
epoch,78,3.075605869293213
epoch,79,3.1156060695648193
epoch,80,3.1556053161621094
epoch,81,3.185605525970459
epoch,82,3.2255759239196777
epoch,83,3.2656056880950928
epoch,84,3.308192729949951
epoch,85,3.348160982131958
epoch,86,3.378161907196045
epoch,87,3.418161392211914
epoch,88,3.458162307739258
epoch,89,3.498161792755127
epoch,90,3.5381624698638916
epoch,91,3.5831868648529053
epoch,92,3.6231870651245117
epoch,93,3.6669161319732666
epoch,94,3.7081336975097656
epoch,95,3.7481019496917725
epoch,96,3.788133144378662
epoch,97,3.828132152557373
epoch,98,3.8741159439086914
epoch,99,3.9141457080841064
epoch,100,3.9541468620300293
epoch,101,3.994117498397827
epoch,102,4.040626049041748
epoch,103,4.0806567668914795
epoch,104,4.130656003952026
epoch,105,4.170656442642212
epoch,106,4.2106568813323975
epoch,107,4.260656118392944
epoch,108,4.300654172897339
epoch,109,4.340656280517578
epoch,110,4.3906567096710205
epoch,111,4.430656433105469
epoch,112,4.470627307891846
epoch,113,4.520669460296631
epoch,114,4.560708522796631
epoch,115,4.613262891769409
epoch,116,4.653292655944824
epoch,117,4.7032630443573
epoch,118,4.739365339279175
epoch,119,4.789335250854492
epoch,120,4.829364538192749
epoch,121,4.874452829360962
epoch,122,4.925163507461548
epoch,123,4.96946120262146
epoch,124,5.019430637359619
epoch,125,5.069430828094482
epoch,126,5.109430551528931
epoch,127,5.159430980682373
epoch,128,5.209430694580078
epoch,129,5.249430418014526
epoch,130,5.299430847167969
epoch,131,5.349430799484253
epoch,132,5.389460802078247
epoch,133,5.4394307136535645
epoch,134,5.489430665969849
epoch,135,5.529460906982422
epoch,136,5.5800511837005615
epoch,137,5.63005518913269
epoch,138,5.676624774932861
epoch,139,5.726625204086304
epoch,140,5.776624917984009
epoch,141,5.82315993309021
epoch,142,5.873164415359497
epoch,143,5.923164129257202
epoch,144,5.973164319992065
epoch,145,6.0191731452941895
epoch,146,6.069172382354736
epoch,147,6.1191725730896
epoch,148,6.169172525405884
epoch,149,6.219172477722168
epoch,150,6.269172668457031
epoch,151,6.319172620773315
epoch,152,6.369202136993408
epoch,153,6.4197914600372314
epoch,154,6.469759464263916
epoch,155,6.52635383605957
epoch,156,6.5763537883758545
epoch,157,6.62459135055542
epoch,158,6.674590826034546
epoch,159,6.734591007232666
epoch,160,6.780682563781738
epoch,161,6.830682039260864
epoch,162,6.890681982040405
epoch,163,6.936723947525024
epoch,164,6.986724138259888
epoch,165,7.0467236042022705
epoch,166,7.096724033355713
epoch,167,7.146723747253418
epoch,168,7.19672417640686
epoch,169,7.256723165512085
epoch,170,7.307896375656128
epoch,171,7.3578996658325195
epoch,172,7.417895793914795
epoch,173,7.4678990840911865
epoch,174,7.517897605895996
epoch,175,7.57790470123291
epoch,176,7.635607004165649
epoch,177,7.685613632202148
epoch,178,7.745648622512817
epoch,179,7.791620969772339
epoch,180,7.851657390594482
epoch,181,7.911655426025391
epoch,182,7.95819878578186
epoch,183,8.02077317237854
epoch,184,8.070773601531982
epoch,185,8.134605884552002
epoch,186,8.184606313705444
epoch,187,8.244605541229248
epoch,188,8.294606685638428
epoch,189,8.354605436325073
epoch,190,8.41460657119751
epoch,191,8.464606046676636
epoch,192,8.524606227874756
epoch,193,8.584605693817139
epoch,194,8.644284725189209
epoch,195,8.697866916656494
epoch,196,8.757901668548584
epoch,197,8.807902097702026
epoch,198,8.864473342895508
epoch,199,8.924473285675049
