checktype,current_epoch,time_usage
epoch,0,0.6849040985107422
epoch,1,0.6948745250701904
epoch,2,0.7048752307891846
epoch,3,0.7148747444152832
epoch,4,0.7248742580413818
epoch,5,0.734874963760376
epoch,6,0.7448747158050537
epoch,7,0.7548747062683105
epoch,8,0.7648739814758301
epoch,9,0.7748746871948242
epoch,10,0.784874677658081
epoch,11,0.7948741912841797
epoch,12,0.8048744201660156
epoch,13,0.8148748874664307
epoch,14,0.8249053955078125
epoch,15,0.8249053955078125
epoch,16,0.8349120616912842
epoch,17,0.8448996543884277
epoch,18,0.8549044132232666
epoch,19,0.8649041652679443
epoch,20,0.874903678894043
epoch,21,0.8849122524261475
epoch,22,0.8949036598205566
epoch,23,0.9048755168914795
epoch,24,0.9149036407470703
epoch,25,0.9248754978179932
epoch,26,0.9348738193511963
epoch,27,0.9449050426483154
epoch,28,0.9549040794372559
epoch,29,0.9649052619934082
epoch,30,0.974905252456665
epoch,31,0.9848780632019043
epoch,32,0.9948785305023193
epoch,33,1.0048811435699463
epoch,34,1.0248806476593018
epoch,35,1.0348823070526123
epoch,36,1.0448822975158691
epoch,37,1.0548810958862305
epoch,38,1.0648810863494873
epoch,39,1.0748775005340576
epoch,40,1.0954394340515137
epoch,41,1.105447769165039
epoch,42,1.118668794631958
epoch,43,1.1269617080688477
epoch,44,1.1369655132293701
epoch,45,1.1469645500183105
epoch,46,1.1569664478302002
epoch,47,1.1740045547485352
epoch,48,1.1840412616729736
epoch,49,1.1940412521362305
epoch,50,1.204042911529541
epoch,51,1.2140412330627441
epoch,52,1.2240114212036133
epoch,53,1.2340412139892578
epoch,54,1.2440123558044434
epoch,55,1.2640106678009033
epoch,56,1.2719330787658691
epoch,57,1.2819342613220215
epoch,58,1.2990005016326904
epoch,59,1.309035301208496
epoch,60,1.3190357685089111
epoch,61,1.3290355205535889
epoch,62,1.3390073776245117
epoch,63,1.3590061664581299
epoch,64,1.3690059185028076
epoch,65,1.379035234451294
epoch,66,1.389045000076294
epoch,67,1.409006118774414
epoch,68,1.4190380573272705
epoch,69,1.4333367347717285
epoch,70,1.443366527557373
epoch,71,1.4576191902160645
epoch,72,1.467621088027954
epoch,73,1.477628469467163
epoch,74,1.4961702823638916
epoch,75,1.5061695575714111
epoch,76,1.516169786453247
epoch,77,1.5361995697021484
epoch,78,1.5461697578430176
epoch,79,1.5561697483062744
epoch,80,1.576200246810913
epoch,81,1.5862016677856445
epoch,82,1.5962023735046387
epoch,83,1.6162054538726807
epoch,84,1.626173973083496
epoch,85,1.6361706256866455
epoch,86,1.6461703777313232
epoch,87,1.6661715507507324
epoch,88,1.676170825958252
epoch,89,1.6961793899536133
epoch,90,1.7061767578125
epoch,91,1.7161753177642822
epoch,92,1.7361719608306885
epoch,93,1.7561757564544678
epoch,94,1.7661726474761963
epoch,95,1.786177396774292
epoch,96,1.7961759567260742
epoch,97,1.8161721229553223
epoch,98,1.833390474319458
epoch,99,1.8386847972869873
epoch,100,1.858687400817871
epoch,101,1.8687169551849365
epoch,102,1.8887171745300293
epoch,103,1.8987150192260742
epoch,104,1.9087145328521729
epoch,105,1.9287149906158447
epoch,106,1.9387176036834717
epoch,107,1.9587147235870361
epoch,108,1.968714714050293
epoch,109,1.9787018299102783
epoch,110,1.9987146854400635
epoch,111,2.008685827255249
epoch,112,2.0287139415740967
epoch,113,2.038714647293091
epoch,114,2.0587148666381836
epoch,115,2.0687150955200195
epoch,116,2.088721752166748
epoch,117,2.098715305328369
epoch,118,2.1193654537200928
epoch,119,2.129401445388794
epoch,120,2.1494007110595703
epoch,121,2.1594011783599854
epoch,122,2.179403305053711
epoch,123,2.189401626586914
epoch,124,2.2094011306762695
epoch,125,2.229400634765625
epoch,126,2.236435890197754
epoch,127,2.2564706802368164
epoch,128,2.276473045349121
epoch,129,2.2864716053009033
epoch,130,2.306471586227417
epoch,131,2.3164708614349365
epoch,132,2.336470603942871
epoch,133,2.3464717864990234
epoch,134,2.3664710521698
epoch,135,2.3864707946777344
epoch,136,2.402513027191162
epoch,137,2.4125168323516846
epoch,138,2.4324893951416016
epoch,139,2.452488660812378
epoch,140,2.472487688064575
epoch,141,2.4824864864349365
epoch,142,2.5024850368499756
epoch,143,2.5224876403808594
epoch,144,2.5325143337249756
epoch,145,2.549023151397705
epoch,146,2.569058895111084
epoch,147,2.5890591144561768
epoch,148,2.5990593433380127
epoch,149,2.6190598011016846
epoch,150,2.6390604972839355
epoch,151,2.6490299701690674
epoch,152,2.669029951095581
epoch,153,2.6890299320220947
epoch,154,2.709059000015259
epoch,155,2.7190299034118652
epoch,156,2.7390589714050293
epoch,157,2.7590606212615967
epoch,158,2.779066801071167
epoch,159,2.7890591621398926
epoch,160,2.8090641498565674
epoch,161,2.8290598392486572
epoch,162,2.849059820175171
epoch,163,2.8690595626831055
epoch,164,2.882673740386963
epoch,165,2.9027040004730225
epoch,166,2.912705183029175
epoch,167,2.9326744079589844
epoch,168,2.952674388885498
epoch,169,2.9726755619049072
epoch,170,2.9927031993865967
epoch,171,3.0027072429656982
epoch,172,3.022709608078003
epoch,173,3.0426745414733887
epoch,174,3.062674045562744
epoch,175,3.082706928253174
epoch,176,3.102705478668213
epoch,177,3.112704277038574
epoch,178,3.1329092979431152
epoch,179,3.1524839401245117
epoch,180,3.172483205795288
epoch,181,3.19248366355896
epoch,182,3.2124834060668945
epoch,183,3.2224836349487305
epoch,184,3.242486000061035
epoch,185,3.2624542713165283
epoch,186,3.2824833393096924
epoch,187,3.2990338802337646
epoch,188,3.319040060043335
epoch,189,3.339069366455078
epoch,190,3.359041929244995
epoch,191,3.3790688514709473
epoch,192,3.3958122730255127
epoch,193,3.4158434867858887
epoch,194,3.4338576793670654
epoch,195,3.4538846015930176
epoch,196,3.4738550186157227
epoch,197,3.4938881397247314
epoch,198,3.5138845443725586
epoch,199,3.523855686187744
epoch,200,3.543886184692383
epoch,201,3.563885450363159
epoch,202,3.5899300575256348
epoch,203,3.609930992126465
epoch,204,3.6199285984039307
epoch,205,3.6399335861206055
epoch,206,3.6599392890930176
epoch,207,3.6799306869506836
epoch,208,3.6999292373657227
epoch,209,3.7199289798736572
epoch,210,3.7399322986602783
epoch,211,3.7599291801452637
epoch,212,3.7798993587493896
epoch,213,3.7999320030212402
epoch,214,3.8199310302734375
epoch,215,3.839901924133301
epoch,216,3.8598999977111816
epoch,217,3.8799335956573486
epoch,218,3.8999297618865967
epoch,219,3.9198999404907227
epoch,220,3.939929962158203
epoch,221,3.959899663925171
epoch,222,3.989929437637329
epoch,223,4.0099263191223145
epoch,224,4.029938697814941
epoch,225,4.049928665161133
epoch,226,4.069928884506226
epoch,227,4.089929580688477
epoch,228,4.10992956161499
epoch,229,4.132145166397095
epoch,230,4.150601387023926
epoch,231,4.170599937438965
epoch,232,4.190569639205933
epoch,233,4.210604906082153
epoch,234,4.230569839477539
epoch,235,4.252169847488403
epoch,236,4.272169351577759
epoch,237,4.298675298690796
epoch,238,4.31870698928833
epoch,239,4.338680744171143
epoch,240,4.3586812019348145
epoch,241,4.3786821365356445
epoch,242,4.398682594299316
epoch,243,4.428682088851929
epoch,244,4.44868278503418
epoch,245,4.465211868286133
epoch,246,4.485196590423584
epoch,247,4.5051960945129395
epoch,248,4.530747175216675
epoch,249,4.548788785934448
epoch,250,4.578824758529663
epoch,251,4.598830699920654
epoch,252,4.618796110153198
epoch,253,4.638796329498291
epoch,254,4.658796310424805
epoch,255,4.688797473907471
epoch,256,4.708824634552002
epoch,257,4.728925704956055
epoch,258,4.758826017379761
epoch,259,4.778828382492065
epoch,260,4.798824787139893
epoch,261,4.818827152252197
epoch,262,4.83882737159729
epoch,263,4.8688249588012695
epoch,264,4.888824701309204
epoch,265,4.908829212188721
epoch,266,4.9388251304626465
epoch,267,4.961395502090454
epoch,268,4.981392860412598
epoch,269,5.001393556594849
epoch,270,5.031393051147461
epoch,271,5.0513999462127686
epoch,272,5.071394920349121
epoch,273,5.1013946533203125
epoch,274,5.121393203735352
epoch,275,5.142504692077637
epoch,276,5.167734861373901
epoch,277,5.188959836959839
epoch,278,5.215062618255615
epoch,279,5.235033750534058
epoch,280,5.25506329536438
epoch,281,5.285062551498413
epoch,282,5.305063009262085
epoch,283,5.325063705444336
epoch,284,5.355062007904053
epoch,285,5.371137380599976
epoch,286,5.40110969543457
epoch,287,5.4211106300354
epoch,288,5.441140651702881
epoch,289,5.471136808395386
epoch,290,5.491145372390747
epoch,291,5.517677068710327
epoch,292,5.5377137660980225
epoch,293,5.567713499069214
epoch,294,5.5876851081848145
epoch,295,5.617713212966919
epoch,296,5.6476829051971436
epoch,297,5.66768479347229
epoch,298,5.687713623046875
epoch,299,5.717712879180908
epoch,300,5.737712383270264
epoch,301,5.767712116241455
epoch,302,5.78771185874939
epoch,303,5.817685127258301
epoch,304,5.837713718414307
epoch,305,5.8677122592926025
epoch,306,5.887713193893433
epoch,307,5.917682409286499
epoch,308,5.933752536773682
epoch,309,5.963752746582031
epoch,310,5.983753442764282
epoch,311,6.013753652572632
epoch,312,6.033754587173462
epoch,313,6.063724756240845
epoch,314,6.090329647064209
epoch,315,6.1164727210998535
epoch,316,6.142500162124634
epoch,317,6.16253662109375
epoch,318,6.192507266998291
epoch,319,6.212507486343384
epoch,320,6.242512464523315
epoch,321,6.267515182495117
epoch,322,6.297525644302368
epoch,323,6.317525386810303
epoch,324,6.347527742385864
epoch,325,6.377525568008423
epoch,326,6.397523641586304
epoch,327,6.424030780792236
epoch,328,6.4551169872283936
epoch,329,6.475154161453247
epoch,330,6.5035789012908936
epoch,331,6.533580303192139
epoch,332,6.553580284118652
epoch,333,6.580088376998901
epoch,334,6.610095977783203
epoch,335,6.630095481872559
epoch,336,6.660096645355225
epoch,337,6.680126190185547
epoch,338,6.710094928741455
epoch,339,6.736131906509399
epoch,340,6.766139030456543
epoch,341,6.786168575286865
epoch,342,6.8161704540252686
epoch,343,6.8461384773254395
epoch,344,6.866170167922974
epoch,345,6.892705202102661
epoch,346,6.921322822570801
epoch,347,6.951321601867676
epoch,348,6.981318473815918
epoch,349,7.001348495483398
epoch,350,7.027703762054443
epoch,351,7.057743787765503
epoch,352,7.0877110958099365
epoch,353,7.107710599899292
epoch,354,7.14529013633728
epoch,355,7.170100927352905
epoch,356,7.193647146224976
epoch,357,7.223623275756836
epoch,358,7.253618240356445
epoch,359,7.283616781234741
epoch,360,7.306704998016357
epoch,361,7.336712121963501
epoch,362,7.356746196746826
epoch,363,7.386712551116943
epoch,364,7.421106815338135
epoch,365,7.443677663803101
epoch,366,7.473649024963379
epoch,367,7.5036492347717285
epoch,368,7.52743673324585
epoch,369,7.56963849067688
epoch,370,7.6101765632629395
epoch,371,7.642761707305908
epoch,372,7.672784805297852
epoch,373,7.705091953277588
epoch,374,7.733330965042114
epoch,375,7.764369964599609
epoch,376,7.787382364273071
epoch,377,7.817383050918579
epoch,378,7.847415208816528
epoch,379,7.878662824630737
epoch,380,7.908661603927612
epoch,381,7.933528423309326
epoch,382,7.963499307632446
epoch,383,7.993499279022217
epoch,384,8.023498773574829
epoch,385,8.048697710037231
epoch,386,8.078863859176636
epoch,387,8.108869791030884
epoch,388,8.128882646560669
epoch,389,8.166283130645752
epoch,390,8.18743634223938
epoch,391,8.214975357055664
epoch,392,8.244975805282593
epoch,393,8.274976253509521
epoch,394,8.304977893829346
epoch,395,8.334975957870483
epoch,396,8.361480712890625
epoch,397,8.391517400741577
epoch,398,8.42151927947998
epoch,399,8.451486825942993
epoch,400,8.483875513076782
epoch,401,8.506422758102417
epoch,402,8.53645396232605
epoch,403,8.5690176486969
epoch,404,8.5990149974823
epoch,405,8.629037857055664
epoch,406,8.659059286117554
epoch,407,8.68906307220459
epoch,408,8.715129852294922
epoch,409,8.745131015777588
epoch,410,8.775130033493042
epoch,411,8.805130004882812
epoch,412,8.835130214691162
epoch,413,8.871206998825073
epoch,414,8.901205778121948
epoch,415,8.93117618560791
epoch,416,8.95409870147705
epoch,417,8.984129905700684
epoch,418,9.014096736907959
epoch,419,9.044128179550171
epoch,420,9.080158948898315
epoch,421,9.110194444656372
epoch,422,9.143892526626587
epoch,423,9.171373844146729
epoch,424,9.201374053955078
epoch,425,9.231374263763428
epoch,426,9.26137375831604
epoch,427,9.287445783615112
epoch,428,9.317414999008179
epoch,429,9.355685234069824
epoch,430,9.3812255859375
epoch,431,9.411227464675903
epoch,432,9.441227674484253
epoch,433,9.481224775314331
epoch,434,9.511225461959839
epoch,435,9.537795066833496
epoch,436,9.567795038223267
epoch,437,9.597794771194458
epoch,438,9.6273512840271
epoch,439,9.667351007461548
epoch,440,9.697351455688477
epoch,441,9.727351427078247
epoch,442,9.757322072982788
epoch,443,9.787351369857788
epoch,444,9.817352056503296
epoch,445,9.847357749938965
epoch,446,9.887356042861938
epoch,447,9.917351484298706
epoch,448,9.947351455688477
epoch,449,9.977351665496826
epoch,450,10.006428718566895
epoch,451,10.036423444747925
epoch,452,10.066423416137695
epoch,453,10.106423377990723
epoch,454,10.136422395706177
epoch,455,10.166991233825684
epoch,456,10.19829249382019
epoch,457,10.22483229637146
epoch,458,10.26480221748352
epoch,459,10.29480242729187
epoch,460,10.324803113937378
epoch,461,10.361305475234985
epoch,462,10.391309976577759
epoch,463,10.42130994796753
epoch,464,10.45133900642395
epoch,465,10.491310358047485
epoch,466,10.527320146560669
epoch,467,10.557319641113281
epoch,468,10.58731985092163
epoch,469,10.61732029914856
epoch,470,10.647350311279297
epoch,471,10.683830499649048
epoch,472,10.713830947875977
epoch,473,10.753830909729004
epoch,474,10.783831119537354
epoch,475,10.813831090927124
epoch,476,10.84990119934082
epoch,477,10.879900693893433
epoch,478,10.919900894165039
epoch,479,10.94990062713623
epoch,480,10.980125188827515
epoch,481,11.016135454177856
epoch,482,11.046136379241943
epoch,483,11.076135396957397
epoch,484,11.11616587638855
epoch,485,11.142645597457886
epoch,486,11.175456047058105
epoch,487,11.214997053146362
epoch,488,11.244997262954712
epoch,489,11.28499722480774
epoch,490,11.31499695777893
epoch,491,11.34499716758728
epoch,492,11.381542444229126
epoch,493,11.411542415618896
epoch,494,11.451116800308228
epoch,495,11.4851553440094
epoch,496,11.515154838562012
epoch,497,11.555154800415039
epoch,498,11.58515477180481
epoch,499,11.621163845062256
