checktype,current_epoch,time_usage
epoch,0,0.672593355178833
epoch,1,0.6785933971405029
epoch,2,0.6835939884185791
epoch,3,0.6896581649780273
epoch,4,0.6946582794189453
epoch,5,0.6996579170227051
epoch,6,0.7046592235565186
epoch,7,0.7096590995788574
epoch,8,0.7146594524383545
epoch,9,0.7176790237426758
epoch,10,0.7176790237426758
epoch,11,0.7276809215545654
epoch,12,0.7276809215545654
epoch,13,0.7376816272735596
epoch,14,0.7376816272735596
epoch,15,0.7476804256439209
epoch,16,0.7576808929443359
epoch,17,0.7576808929443359
epoch,18,0.7676815986633301
epoch,19,0.7676815986633301
epoch,20,0.7776806354522705
epoch,21,0.7776806354522705
epoch,22,0.7876806259155273
epoch,23,0.7876806259155273
epoch,24,0.7976803779602051
epoch,25,0.8079695701599121
epoch,26,0.8079695701599121
epoch,27,0.817681074142456
epoch,28,0.817681074142456
epoch,29,0.8276815414428711
epoch,30,0.8376808166503906
epoch,31,0.8376808166503906
epoch,32,0.8476805686950684
epoch,33,0.8476805686950684
epoch,34,0.8576807975769043
epoch,35,0.8576807975769043
epoch,36,0.8724915981292725
epoch,37,0.8784911632537842
epoch,38,0.8844881057739258
epoch,39,0.8904883861541748
epoch,40,0.8965377807617188
epoch,41,0.9025380611419678
epoch,42,0.9086060523986816
epoch,43,0.9146068096160889
epoch,44,0.9206058979034424
epoch,45,0.9266061782836914
epoch,46,0.9326074123382568
epoch,47,0.939673662185669
epoch,48,0.945673942565918
epoch,49,0.9516735076904297
epoch,50,0.9576725959777832
epoch,51,0.9636731147766113
epoch,52,0.9697437286376953
epoch,53,0.9757418632507324
epoch,54,0.9827423095703125
epoch,55,0.9887423515319824
epoch,56,0.9947426319122314
epoch,57,1.0007431507110596
epoch,58,1.0073087215423584
epoch,59,1.013307809829712
epoch,60,1.0203073024749756
epoch,61,1.0263075828552246
epoch,62,1.0323076248168945
epoch,63,1.0383739471435547
epoch,64,1.0453736782073975
epoch,65,1.0513741970062256
epoch,66,1.0573744773864746
epoch,67,1.0643737316131592
epoch,68,1.070434808731079
epoch,69,1.0774335861206055
epoch,70,1.083434820175171
epoch,71,1.0904338359832764
epoch,72,1.0964338779449463
epoch,73,1.1030941009521484
epoch,74,1.1101000308990479
epoch,75,1.1170988082885742
epoch,76,1.1230998039245605
epoch,77,1.1300992965698242
epoch,78,1.1371617317199707
epoch,79,1.144160509109497
epoch,80,1.1501617431640625
epoch,81,1.157160758972168
epoch,82,1.1641602516174316
epoch,83,1.1702313423156738
epoch,84,1.1772315502166748
epoch,85,1.1842303276062012
epoch,86,1.1902313232421875
epoch,87,1.1972315311431885
epoch,88,1.2042856216430664
epoch,89,1.2112858295440674
epoch,90,1.2172858715057373
epoch,91,1.22428560256958
epoch,92,1.2312860488891602
epoch,93,1.238346815109253
epoch,94,1.2453467845916748
epoch,95,1.2513465881347656
epoch,96,1.2583467960357666
epoch,97,1.2653467655181885
epoch,98,1.2723467350006104
epoch,99,1.2793467044830322
epoch,100,1.286346673965454
epoch,101,1.2933471202850342
epoch,102,1.300403118133545
epoch,103,1.307403564453125
epoch,104,1.3144035339355469
epoch,105,1.3224036693572998
epoch,106,1.3294034004211426
epoch,107,1.3364677429199219
epoch,108,1.3444664478302002
epoch,109,1.3524677753448486
epoch,110,1.360466480255127
epoch,111,1.3675365447998047
epoch,112,1.375537395477295
epoch,113,1.3835358619689941
epoch,114,1.3915367126464844
epoch,115,1.398608684539795
epoch,116,1.4066076278686523
epoch,117,1.4146082401275635
epoch,118,1.422607660293579
epoch,119,1.4296069145202637
epoch,120,1.4376773834228516
epoch,121,1.4446766376495361
epoch,122,1.4526770114898682
epoch,123,1.459676742553711
epoch,124,1.4677464962005615
epoch,125,1.4747467041015625
epoch,126,1.4827466011047363
epoch,127,1.4907467365264893
epoch,128,1.4978008270263672
epoch,129,1.5057995319366455
epoch,130,1.5137994289398193
epoch,131,1.5217998027801514
epoch,132,1.528799295425415
epoch,133,1.5376267433166504
epoch,134,1.5446267127990723
epoch,135,1.5526256561279297
epoch,136,1.5606255531311035
epoch,137,1.5651473999023438
epoch,138,1.5751538276672363
epoch,139,1.5751538276672363
epoch,140,1.5851542949676514
epoch,141,1.5951564311981201
epoch,142,1.605154275894165
epoch,143,1.615715503692627
epoch,144,1.6242187023162842
epoch,145,1.6322176456451416
epoch,146,1.6402180194854736
epoch,147,1.648273229598999
epoch,148,1.6562731266021729
epoch,149,1.6642727851867676
epoch,150,1.6722729206085205
epoch,151,1.680884599685669
epoch,152,1.6888844966888428
epoch,153,1.6973600387573242
epoch,154,1.7053604125976562
epoch,155,1.7138011455535889
epoch,156,1.7220561504364014
epoch,157,1.73018479347229
epoch,158,1.7386143207550049
epoch,159,1.7466678619384766
epoch,160,1.7551603317260742
epoch,161,1.7632970809936523
epoch,162,1.7722971439361572
epoch,163,1.7814052104949951
epoch,164,1.790405035018921
epoch,165,1.799405574798584
epoch,166,1.8076756000518799
epoch,167,1.8166759014129639
epoch,168,1.825676441192627
epoch,169,1.8346202373504639
epoch,170,1.843353033065796
epoch,171,1.8523547649383545
epoch,172,1.8613529205322266
epoch,173,1.8699297904968262
epoch,174,1.8789002895355225
epoch,175,1.887202501296997
epoch,176,1.895273208618164
epoch,177,1.9045827388763428
epoch,178,1.9126331806182861
epoch,179,1.9217021465301514
epoch,180,1.930861234664917
epoch,181,1.9399151802062988
epoch,182,1.948150873184204
epoch,183,1.9572300910949707
epoch,184,1.9662275314331055
epoch,185,1.9751949310302734
epoch,186,1.9851949214935303
epoch,187,1.993194580078125
epoch,188,2.002195358276367
epoch,189,2.0112838745117188
epoch,190,2.020282030105591
epoch,191,2.0299277305603027
epoch,192,2.0391182899475098
epoch,193,2.048152446746826
epoch,194,2.057185649871826
epoch,195,2.066187620162964
epoch,196,2.0752689838409424
epoch,197,2.0842695236206055
epoch,198,2.093268394470215
epoch,199,2.103039026260376
