checktype,current_epoch,time_usage
epoch,0,0.4967193603515625
epoch,1,0.507439374923706
epoch,2,0.5164949893951416
epoch,3,0.5264158248901367
epoch,4,0.5354218482971191
epoch,5,0.5454809665679932
epoch,6,0.5544803142547607
epoch,7,0.5644800662994385
epoch,8,0.5734801292419434
epoch,9,0.5835387706756592
epoch,10,0.5925395488739014
epoch,11,0.6025385856628418
epoch,12,0.6115915775299072
epoch,13,0.6205906867980957
epoch,14,0.6305909156799316
epoch,15,0.6395905017852783
epoch,16,0.6486489772796631
epoch,17,0.6576497554779053
epoch,18,0.6666498184204102
epoch,19,0.6766493320465088
epoch,20,0.6856491565704346
epoch,21,0.6946492195129395
epoch,22,0.7046499252319336
epoch,23,0.710669994354248
epoch,24,0.7186751365661621
epoch,25,0.7286825180053711
epoch,26,0.7386822700500488
epoch,27,0.7486817836761475
epoch,28,0.758681058883667
epoch,29,0.7686824798583984
epoch,30,0.7786812782287598
epoch,31,0.7886824607849121
epoch,32,0.7986807823181152
epoch,33,0.8086831569671631
epoch,34,0.8186829090118408
epoch,35,0.8286821842193604
epoch,36,0.8386802673339844
epoch,37,0.8486816883087158
epoch,38,0.8586804866790771
epoch,39,0.8686811923980713
epoch,40,0.8746871948242188
epoch,41,0.884695291519165
epoch,42,0.8946957588195801
epoch,43,0.9139375686645508
epoch,44,0.9181537628173828
epoch,45,0.9281558990478516
epoch,46,0.9371614456176758
epoch,47,0.9471678733825684
epoch,48,0.9672551155090332
epoch,49,0.9782848358154297
epoch,50,0.9882848262786865
epoch,51,0.9982848167419434
epoch,52,1.008284568786621
epoch,53,1.0182850360870361
epoch,54,1.0282862186431885
epoch,55,1.038285732269287
epoch,56,1.0482847690582275
epoch,57,1.0582849979400635
epoch,58,1.068284273147583
epoch,59,1.0882844924926758
epoch,60,1.0982847213745117
epoch,61,1.1082851886749268
epoch,62,1.122443437576294
epoch,63,1.129512071609497
epoch,64,1.145693063735962
epoch,65,1.15769362449646
epoch,66,1.1689872741699219
epoch,67,1.180039405822754
epoch,68,1.1920394897460938
epoch,69,1.2040395736694336
epoch,70,1.2160403728485107
epoch,71,1.228039264678955
epoch,72,1.2380602359771729
epoch,73,1.2480614185333252
epoch,74,1.2580606937408447
epoch,75,1.2680604457855225
epoch,76,1.2780604362487793
epoch,77,1.2980608940124512
epoch,78,1.3080613613128662
epoch,79,1.3180606365203857
epoch,80,1.3280611038208008
epoch,81,1.3480613231658936
epoch,82,1.3580613136291504
epoch,83,1.3680603504180908
epoch,84,1.3845725059509277
epoch,85,1.394573450088501
epoch,86,1.4145729541778564
epoch,87,1.4245727062225342
epoch,88,1.434572696685791
epoch,89,1.4445724487304688
epoch,90,1.4645729064941406
epoch,91,1.4745726585388184
epoch,92,1.4845728874206543
epoch,93,1.5045723915100098
epoch,94,1.5145721435546875
epoch,95,1.5245723724365234
epoch,96,1.5345721244812012
epoch,97,1.5545730590820312
epoch,98,1.564572811126709
epoch,99,1.5745728015899658
epoch,100,1.5945725440979004
epoch,101,1.6045727729797363
epoch,102,1.6145727634429932
epoch,103,1.6345725059509277
epoch,104,1.6445727348327637
epoch,105,1.6545722484588623
epoch,106,1.6777832508087158
epoch,107,1.690783977508545
epoch,108,1.7047836780548096
epoch,109,1.7188787460327148
epoch,110,1.7328782081604004
epoch,111,1.7478785514831543
epoch,112,1.7618780136108398
epoch,113,1.7738986015319824
epoch,114,1.7839000225067139
epoch,115,1.8038997650146484
epoch,116,1.8139007091522217
epoch,117,1.8338994979858398
epoch,118,1.8439006805419922
epoch,119,1.8539001941680908
epoch,120,1.8739004135131836
epoch,121,1.8839004039764404
epoch,122,1.903900384902954
epoch,123,1.9139001369476318
epoch,124,1.9275586605072021
epoch,125,1.9475672245025635
epoch,126,1.9575650691986084
epoch,127,1.9786503314971924
epoch,128,1.988649606704712
epoch,129,2.0086493492126465
epoch,130,2.018650531768799
epoch,131,2.038649797439575
epoch,132,2.0486490726470947
epoch,133,2.0686492919921875
epoch,134,2.0786490440368652
epoch,135,2.0986502170562744
epoch,136,2.118678331375122
epoch,137,2.1246836185455322
epoch,138,2.1425023078918457
epoch,139,2.162504196166992
epoch,140,2.172503709793091
epoch,141,2.1925032138824463
epoch,142,2.2116708755493164
epoch,143,2.227670669555664
epoch,144,2.2427637577056885
epoch,145,2.2587637901306152
epoch,146,2.2748115062713623
epoch,147,2.2918174266815186
epoch,148,2.300612688064575
epoch,149,2.3206143379211426
epoch,150,2.3306150436401367
epoch,151,2.3506150245666504
epoch,152,2.3706140518188477
epoch,153,2.385835886001587
epoch,154,2.4009828567504883
epoch,155,2.4207160472869873
epoch,156,2.436715841293335
epoch,157,2.45383620262146
epoch,158,2.4706077575683594
epoch,159,2.48724365234375
epoch,160,2.504244327545166
epoch,161,2.5212435722351074
epoch,162,2.5382440090179443
epoch,163,2.5553622245788574
epoch,164,2.5734879970550537
epoch,165,2.590456962585449
epoch,166,2.607815742492676
epoch,167,2.6256659030914307
epoch,168,2.6427905559539795
epoch,169,2.659790515899658
epoch,170,2.6774020195007324
epoch,171,2.6938443183898926
epoch,172,2.711721897125244
epoch,173,2.7297215461730957
epoch,174,2.7467398643493652
epoch,175,2.764740228652954
epoch,176,2.7828588485717773
epoch,177,2.801252841949463
epoch,178,2.8182218074798584
epoch,179,2.836369276046753
epoch,180,2.854337692260742
epoch,181,2.8717377185821533
epoch,182,2.889645576477051
epoch,183,2.908032178878784
epoch,184,2.926032304763794
epoch,185,2.944837808609009
epoch,186,2.9627718925476074
epoch,187,2.9811885356903076
epoch,188,2.999793291091919
epoch,189,3.017519950866699
epoch,190,3.0366389751434326
epoch,191,3.054948091506958
epoch,192,3.0730161666870117
epoch,193,3.091203451156616
epoch,194,3.110295295715332
epoch,195,3.1290981769561768
epoch,196,3.1478378772735596
epoch,197,3.1664628982543945
epoch,198,3.1856324672698975
epoch,199,3.20475435256958
